<?xml version="1.0" encoding="UTF-8"?>
<testsuites>
  <testsuite name="" tests="99" assertions="416" errors="0" warnings="0" failures="0" skipped="0" time="0.125137">
    <testsuite name="Project Test Suite" tests="99" assertions="416" errors="0" warnings="0" failures="0" skipped="0" time="0.125137">
      <testsuite name="App\CardGame\CardDeckTest" file="/home/atb/dbwebb-kurser/mvc/me/report/tests/CardGame/CardDeckTest.php" tests="12" assertions="126" errors="0" warnings="0" failures="0" skipped="0" time="0.051668">
        <testcase name="testConstruct" class="App\CardGame\CardDeckTest" classname="App.CardGame.CardDeckTest" file="/home/atb/dbwebb-kurser/mvc/me/report/tests/CardGame/CardDeckTest.php" line="15" assertions="2" time="0.012314"/>
        <testcase name="testResetDeck" class="App\CardGame\CardDeckTest" classname="App.CardGame.CardDeckTest" file="/home/atb/dbwebb-kurser/mvc/me/report/tests/CardGame/CardDeckTest.php" line="25" assertions="53" time="0.001733"/>
        <testcase name="testRemoveCard" class="App\CardGame\CardDeckTest" classname="App.CardGame.CardDeckTest" file="/home/atb/dbwebb-kurser/mvc/me/report/tests/CardGame/CardDeckTest.php" line="42" assertions="1" time="0.000688"/>
        <testcase name="testCardInDeck" class="App\CardGame\CardDeckTest" classname="App.CardGame.CardDeckTest" file="/home/atb/dbwebb-kurser/mvc/me/report/tests/CardGame/CardDeckTest.php" line="55" assertions="1" time="0.000936"/>
        <testcase name="testDrawCard" class="App\CardGame\CardDeckTest" classname="App.CardGame.CardDeckTest" file="/home/atb/dbwebb-kurser/mvc/me/report/tests/CardGame/CardDeckTest.php" line="71" assertions="4" time="0.001199"/>
        <testcase name="testDrawMultipleCards" class="App\CardGame\CardDeckTest" classname="App.CardGame.CardDeckTest" file="/home/atb/dbwebb-kurser/mvc/me/report/tests/CardGame/CardDeckTest.php" line="94" assertions="4" time="0.001263"/>
        <testcase name="testShuffle" class="App\CardGame\CardDeckTest" classname="App.CardGame.CardDeckTest" file="/home/atb/dbwebb-kurser/mvc/me/report/tests/CardGame/CardDeckTest.php" line="118" assertions="2" time="0.024622"/>
        <testcase name="testGetAll" class="App\CardGame\CardDeckTest" classname="App.CardGame.CardDeckTest" file="/home/atb/dbwebb-kurser/mvc/me/report/tests/CardGame/CardDeckTest.php" line="133" assertions="53" time="0.000999"/>
        <testcase name="testGetAllSorted" class="App\CardGame\CardDeckTest" classname="App.CardGame.CardDeckTest" file="/home/atb/dbwebb-kurser/mvc/me/report/tests/CardGame/CardDeckTest.php" line="153" assertions="2" time="0.005724"/>
        <testcase name="testShowAll" class="App\CardGame\CardDeckTest" classname="App.CardGame.CardDeckTest" file="/home/atb/dbwebb-kurser/mvc/me/report/tests/CardGame/CardDeckTest.php" line="172" assertions="1" time="0.000793"/>
        <testcase name="testGetCardAt" class="App\CardGame\CardDeckTest" classname="App.CardGame.CardDeckTest" file="/home/atb/dbwebb-kurser/mvc/me/report/tests/CardGame/CardDeckTest.php" line="182" assertions="2" time="0.000666"/>
        <testcase name="testToString" class="App\CardGame\CardDeckTest" classname="App.CardGame.CardDeckTest" file="/home/atb/dbwebb-kurser/mvc/me/report/tests/CardGame/CardDeckTest.php" line="196" assertions="1" time="0.000733"/>
      </testsuite>
      <testsuite name="App\CardGame\CardGraphicTest" file="/home/atb/dbwebb-kurser/mvc/me/report/tests/CardGame/CardGraphicTest.php" tests="5" assertions="27" errors="0" warnings="0" failures="0" skipped="0" time="0.001585">
        <testcase name="testConstruct" class="App\CardGame\CardGraphicTest" classname="App.CardGame.CardGraphicTest" file="/home/atb/dbwebb-kurser/mvc/me/report/tests/CardGame/CardGraphicTest.php" line="15" assertions="1" time="0.000284"/>
        <testcase name="testSuits" class="App\CardGame\CardGraphicTest" classname="App.CardGame.CardGraphicTest" file="/home/atb/dbwebb-kurser/mvc/me/report/tests/CardGame/CardGraphicTest.php" line="24" assertions="8" time="0.000322"/>
        <testcase name="testNumbers" class="App\CardGame\CardGraphicTest" classname="App.CardGame.CardGraphicTest" file="/home/atb/dbwebb-kurser/mvc/me/report/tests/CardGame/CardGraphicTest.php" line="50" assertions="13" time="0.000417"/>
        <testcase name="testValues" class="App\CardGame\CardGraphicTest" classname="App.CardGame.CardGraphicTest" file="/home/atb/dbwebb-kurser/mvc/me/report/tests/CardGame/CardGraphicTest.php" line="82" assertions="4" time="0.000295"/>
        <testcase name="testToString" class="App\CardGame\CardGraphicTest" classname="App.CardGame.CardGraphicTest" file="/home/atb/dbwebb-kurser/mvc/me/report/tests/CardGame/CardGraphicTest.php" line="98" assertions="1" time="0.000267"/>
      </testsuite>
      <testsuite name="App\CardGame\CardHandTest" file="/home/atb/dbwebb-kurser/mvc/me/report/tests/CardGame/CardHandTest.php" tests="6" assertions="19" errors="0" warnings="0" failures="0" skipped="0" time="0.002763">
        <testcase name="testConstruct" class="App\CardGame\CardHandTest" classname="App.CardGame.CardHandTest" file="/home/atb/dbwebb-kurser/mvc/me/report/tests/CardGame/CardHandTest.php" line="15" assertions="2" time="0.000833"/>
        <testcase name="testCardAdd" class="App\CardGame\CardHandTest" classname="App.CardGame.CardHandTest" file="/home/atb/dbwebb-kurser/mvc/me/report/tests/CardGame/CardHandTest.php" line="25" assertions="4" time="0.000508"/>
        <testcase name="testSumOfCards" class="App\CardGame\CardHandTest" classname="App.CardGame.CardHandTest" file="/home/atb/dbwebb-kurser/mvc/me/report/tests/CardGame/CardHandTest.php" line="41" assertions="4" time="0.000470"/>
        <testcase name="testGetAllValues" class="App\CardGame\CardHandTest" classname="App.CardGame.CardHandTest" file="/home/atb/dbwebb-kurser/mvc/me/report/tests/CardGame/CardHandTest.php" line="84" assertions="6" time="0.000343"/>
        <testcase name="testGetCardAt" class="App\CardGame\CardHandTest" classname="App.CardGame.CardHandTest" file="/home/atb/dbwebb-kurser/mvc/me/report/tests/CardGame/CardHandTest.php" line="106" assertions="1" time="0.000300"/>
        <testcase name="testToString" class="App\CardGame\CardHandTest" classname="App.CardGame.CardHandTest" file="/home/atb/dbwebb-kurser/mvc/me/report/tests/CardGame/CardHandTest.php" line="120" assertions="2" time="0.000310"/>
      </testsuite>
      <testsuite name="App\CardGame\CardTest" file="/home/atb/dbwebb-kurser/mvc/me/report/tests/CardGame/CardTest.php" tests="3" assertions="4" errors="0" warnings="0" failures="0" skipped="0" time="0.000970">
        <testcase name="testConstruct" class="App\CardGame\CardTest" classname="App.CardGame.CardTest" file="/home/atb/dbwebb-kurser/mvc/me/report/tests/CardGame/CardTest.php" line="15" assertions="1" time="0.000259"/>
        <testcase name="testValues" class="App\CardGame\CardTest" classname="App.CardGame.CardTest" file="/home/atb/dbwebb-kurser/mvc/me/report/tests/CardGame/CardTest.php" line="24" assertions="2" time="0.000358"/>
        <testcase name="testToString" class="App\CardGame\CardTest" classname="App.CardGame.CardTest" file="/home/atb/dbwebb-kurser/mvc/me/report/tests/CardGame/CardTest.php" line="35" assertions="1" time="0.000354"/>
      </testsuite>
      <testsuite name="App\Dice\DiceTest" file="/home/atb/dbwebb-kurser/mvc/me/report/tests/Dice/DiceTest.php" tests="2" assertions="3" errors="0" warnings="0" failures="0" skipped="0" time="0.012846">
        <testcase name="testCreateDice" class="App\Dice\DiceTest" classname="App.Dice.DiceTest" file="/home/atb/dbwebb-kurser/mvc/me/report/tests/Dice/DiceTest.php" line="16" assertions="2" time="0.001947"/>
        <testcase name="testStubRollDiceLastRoll" class="App\Dice\DiceTest" classname="App.Dice.DiceTest" file="/home/atb/dbwebb-kurser/mvc/me/report/tests/Dice/DiceTest.php" line="28" assertions="1" time="0.010900"/>
      </testsuite>
      <testsuite name="App\Poker\GameboardTest" file="/home/atb/dbwebb-kurser/mvc/me/report/tests/Poker/GameboardTest.php" tests="8" assertions="27" errors="0" warnings="0" failures="0" skipped="0" time="0.020305">
        <testcase name="testConstruct" class="App\Poker\GameboardTest" classname="App.Poker.GameboardTest" file="/home/atb/dbwebb-kurser/mvc/me/report/tests/Poker/GameboardTest.php" line="16" assertions="1" time="0.000820"/>
        <testcase name="testStart" class="App\Poker\GameboardTest" classname="App.Poker.GameboardTest" file="/home/atb/dbwebb-kurser/mvc/me/report/tests/Poker/GameboardTest.php" line="25" assertions="3" time="0.001264"/>
        <testcase name="testAddPlayer" class="App\Poker\GameboardTest" classname="App.Poker.GameboardTest" file="/home/atb/dbwebb-kurser/mvc/me/report/tests/Poker/GameboardTest.php" line="39" assertions="4" time="0.002903"/>
        <testcase name="testDraw" class="App\Poker\GameboardTest" classname="App.Poker.GameboardTest" file="/home/atb/dbwebb-kurser/mvc/me/report/tests/Poker/GameboardTest.php" line="62" assertions="2" time="0.001208"/>
        <testcase name="testRemove" class="App\Poker\GameboardTest" classname="App.Poker.GameboardTest" file="/home/atb/dbwebb-kurser/mvc/me/report/tests/Poker/GameboardTest.php" line="80" assertions="2" time="0.001235"/>
        <testcase name="testEndRound" class="App\Poker\GameboardTest" classname="App.Poker.GameboardTest" file="/home/atb/dbwebb-kurser/mvc/me/report/tests/Poker/GameboardTest.php" line="98" assertions="10" time="0.003517"/>
        <testcase name="testFinish" class="App\Poker\GameboardTest" classname="App.Poker.GameboardTest" file="/home/atb/dbwebb-kurser/mvc/me/report/tests/Poker/GameboardTest.php" line="138" assertions="4" time="0.007061"/>
        <testcase name="testToString" class="App\Poker\GameboardTest" classname="App.Poker.GameboardTest" file="/home/atb/dbwebb-kurser/mvc/me/report/tests/Poker/GameboardTest.php" line="168" assertions="1" time="0.002297"/>
      </testsuite>
      <testsuite name="App\Poker\Hands\DefaultHandTest" file="/home/atb/dbwebb-kurser/mvc/me/report/tests/Poker/Hands/DefaultHandTest.php" tests="5" assertions="7" errors="0" warnings="0" failures="0" skipped="0" time="0.002074">
        <testcase name="testConstruct" class="App\Poker\Hands\DefaultHandTest" classname="App.Poker.Hands.DefaultHandTest" file="/home/atb/dbwebb-kurser/mvc/me/report/tests/Poker/Hands/DefaultHandTest.php" line="13" assertions="1" time="0.000588"/>
        <testcase name="testRank" class="App\Poker\Hands\DefaultHandTest" classname="App.Poker.Hands.DefaultHandTest" file="/home/atb/dbwebb-kurser/mvc/me/report/tests/Poker/Hands/DefaultHandTest.php" line="22" assertions="2" time="0.000418"/>
        <testcase name="testValue" class="App\Poker\Hands\DefaultHandTest" classname="App.Poker.Hands.DefaultHandTest" file="/home/atb/dbwebb-kurser/mvc/me/report/tests/Poker/Hands/DefaultHandTest.php" line="33" assertions="2" time="0.000369"/>
        <testcase name="testCountCards" class="App\Poker\Hands\DefaultHandTest" classname="App.Poker.Hands.DefaultHandTest" file="/home/atb/dbwebb-kurser/mvc/me/report/tests/Poker/Hands/DefaultHandTest.php" line="44" assertions="1" time="0.000352"/>
        <testcase name="testToString" class="App\Poker\Hands\DefaultHandTest" classname="App.Poker.Hands.DefaultHandTest" file="/home/atb/dbwebb-kurser/mvc/me/report/tests/Poker/Hands/DefaultHandTest.php" line="54" assertions="1" time="0.000348"/>
      </testsuite>
      <testsuite name="App\Poker\Hands\FiveOfAKindTest" file="/home/atb/dbwebb-kurser/mvc/me/report/tests/Poker/Hands/FiveOfAKindTest.php" tests="4" assertions="14" errors="0" warnings="0" failures="0" skipped="0" time="0.003402">
        <testcase name="testConstruct" class="App\Poker\Hands\FiveOfAKindTest" classname="App.Poker.Hands.FiveOfAKindTest" file="/home/atb/dbwebb-kurser/mvc/me/report/tests/Poker/Hands/FiveOfAKindTest.php" line="16" assertions="1" time="0.000452"/>
        <testcase name="testRank" class="App\Poker\Hands\FiveOfAKindTest" classname="App.Poker.Hands.FiveOfAKindTest" file="/home/atb/dbwebb-kurser/mvc/me/report/tests/Poker/Hands/FiveOfAKindTest.php" line="25" assertions="2" time="0.000469"/>
        <testcase name="testEqualsAndValue" class="App\Poker\Hands\FiveOfAKindTest" classname="App.Poker.Hands.FiveOfAKindTest" file="/home/atb/dbwebb-kurser/mvc/me/report/tests/Poker/Hands/FiveOfAKindTest.php" line="36" assertions="10" time="0.001782"/>
        <testcase name="testToString" class="App\Poker\Hands\FiveOfAKindTest" classname="App.Poker.Hands.FiveOfAKindTest" file="/home/atb/dbwebb-kurser/mvc/me/report/tests/Poker/Hands/FiveOfAKindTest.php" line="94" assertions="1" time="0.000699"/>
      </testsuite>
      <testsuite name="App\Poker\Hands\FlushTest" file="/home/atb/dbwebb-kurser/mvc/me/report/tests/Poker/Hands/FlushTest.php" tests="4" assertions="14" errors="0" warnings="0" failures="0" skipped="0" time="0.003048">
        <testcase name="testConstruct" class="App\Poker\Hands\FlushTest" classname="App.Poker.Hands.FlushTest" file="/home/atb/dbwebb-kurser/mvc/me/report/tests/Poker/Hands/FlushTest.php" line="16" assertions="1" time="0.000478"/>
        <testcase name="testRank" class="App\Poker\Hands\FlushTest" classname="App.Poker.Hands.FlushTest" file="/home/atb/dbwebb-kurser/mvc/me/report/tests/Poker/Hands/FlushTest.php" line="25" assertions="2" time="0.000589"/>
        <testcase name="testEqualsAndValue" class="App\Poker\Hands\FlushTest" classname="App.Poker.Hands.FlushTest" file="/home/atb/dbwebb-kurser/mvc/me/report/tests/Poker/Hands/FlushTest.php" line="36" assertions="10" time="0.001261"/>
        <testcase name="testToString" class="App\Poker\Hands\FlushTest" classname="App.Poker.Hands.FlushTest" file="/home/atb/dbwebb-kurser/mvc/me/report/tests/Poker/Hands/FlushTest.php" line="94" assertions="1" time="0.000719"/>
      </testsuite>
      <testsuite name="App\Poker\Hands\FourOfAKindTest" file="/home/atb/dbwebb-kurser/mvc/me/report/tests/Poker/Hands/FourOfAKindTest.php" tests="4" assertions="14" errors="0" warnings="0" failures="0" skipped="0" time="0.002612">
        <testcase name="testConstruct" class="App\Poker\Hands\FourOfAKindTest" classname="App.Poker.Hands.FourOfAKindTest" file="/home/atb/dbwebb-kurser/mvc/me/report/tests/Poker/Hands/FourOfAKindTest.php" line="16" assertions="1" time="0.000444"/>
        <testcase name="testRank" class="App\Poker\Hands\FourOfAKindTest" classname="App.Poker.Hands.FourOfAKindTest" file="/home/atb/dbwebb-kurser/mvc/me/report/tests/Poker/Hands/FourOfAKindTest.php" line="25" assertions="2" time="0.000408"/>
        <testcase name="testEqualsAndValue" class="App\Poker\Hands\FourOfAKindTest" classname="App.Poker.Hands.FourOfAKindTest" file="/home/atb/dbwebb-kurser/mvc/me/report/tests/Poker/Hands/FourOfAKindTest.php" line="36" assertions="10" time="0.001072"/>
        <testcase name="testToString" class="App\Poker\Hands\FourOfAKindTest" classname="App.Poker.Hands.FourOfAKindTest" file="/home/atb/dbwebb-kurser/mvc/me/report/tests/Poker/Hands/FourOfAKindTest.php" line="94" assertions="1" time="0.000688"/>
      </testsuite>
      <testsuite name="App\Poker\Hands\FullHouseTest" file="/home/atb/dbwebb-kurser/mvc/me/report/tests/Poker/Hands/FullHouseTest.php" tests="4" assertions="14" errors="0" warnings="0" failures="0" skipped="0" time="0.001927">
        <testcase name="testConstruct" class="App\Poker\Hands\FullHouseTest" classname="App.Poker.Hands.FullHouseTest" file="/home/atb/dbwebb-kurser/mvc/me/report/tests/Poker/Hands/FullHouseTest.php" line="16" assertions="1" time="0.000387"/>
        <testcase name="testRank" class="App\Poker\Hands\FullHouseTest" classname="App.Poker.Hands.FullHouseTest" file="/home/atb/dbwebb-kurser/mvc/me/report/tests/Poker/Hands/FullHouseTest.php" line="25" assertions="2" time="0.000326"/>
        <testcase name="testEqualsAndValue" class="App\Poker\Hands\FullHouseTest" classname="App.Poker.Hands.FullHouseTest" file="/home/atb/dbwebb-kurser/mvc/me/report/tests/Poker/Hands/FullHouseTest.php" line="36" assertions="10" time="0.000800"/>
        <testcase name="testToString" class="App\Poker\Hands\FullHouseTest" classname="App.Poker.Hands.FullHouseTest" file="/home/atb/dbwebb-kurser/mvc/me/report/tests/Poker/Hands/FullHouseTest.php" line="94" assertions="1" time="0.000415"/>
      </testsuite>
      <testsuite name="App\Poker\Hands\HighCardTest" file="/home/atb/dbwebb-kurser/mvc/me/report/tests/Poker/Hands/HighCardTest.php" tests="4" assertions="10" errors="0" warnings="0" failures="0" skipped="0" time="0.001513">
        <testcase name="testConstruct" class="App\Poker\Hands\HighCardTest" classname="App.Poker.Hands.HighCardTest" file="/home/atb/dbwebb-kurser/mvc/me/report/tests/Poker/Hands/HighCardTest.php" line="16" assertions="1" time="0.000287"/>
        <testcase name="testRank" class="App\Poker\Hands\HighCardTest" classname="App.Poker.Hands.HighCardTest" file="/home/atb/dbwebb-kurser/mvc/me/report/tests/Poker/Hands/HighCardTest.php" line="25" assertions="2" time="0.000307"/>
        <testcase name="testEqualsAndValue" class="App\Poker\Hands\HighCardTest" classname="App.Poker.Hands.HighCardTest" file="/home/atb/dbwebb-kurser/mvc/me/report/tests/Poker/Hands/HighCardTest.php" line="36" assertions="6" time="0.000465"/>
        <testcase name="testToString" class="App\Poker\Hands\HighCardTest" classname="App.Poker.Hands.HighCardTest" file="/home/atb/dbwebb-kurser/mvc/me/report/tests/Poker/Hands/HighCardTest.php" line="72" assertions="1" time="0.000455"/>
      </testsuite>
      <testsuite name="App\Poker\Hands\OnePairTest" file="/home/atb/dbwebb-kurser/mvc/me/report/tests/Poker/Hands/OnePairTest.php" tests="4" assertions="12" errors="0" warnings="0" failures="0" skipped="0" time="0.001831">
        <testcase name="testConstruct" class="App\Poker\Hands\OnePairTest" classname="App.Poker.Hands.OnePairTest" file="/home/atb/dbwebb-kurser/mvc/me/report/tests/Poker/Hands/OnePairTest.php" line="16" assertions="1" time="0.000284"/>
        <testcase name="testRank" class="App\Poker\Hands\OnePairTest" classname="App.Poker.Hands.OnePairTest" file="/home/atb/dbwebb-kurser/mvc/me/report/tests/Poker/Hands/OnePairTest.php" line="25" assertions="2" time="0.000273"/>
        <testcase name="testEqualsAndValue" class="App\Poker\Hands\OnePairTest" classname="App.Poker.Hands.OnePairTest" file="/home/atb/dbwebb-kurser/mvc/me/report/tests/Poker/Hands/OnePairTest.php" line="36" assertions="8" time="0.000625"/>
        <testcase name="testToString" class="App\Poker\Hands\OnePairTest" classname="App.Poker.Hands.OnePairTest" file="/home/atb/dbwebb-kurser/mvc/me/report/tests/Poker/Hands/OnePairTest.php" line="83" assertions="1" time="0.000649"/>
      </testsuite>
      <testsuite name="App\Poker\Hands\StraightFlushTest" file="/home/atb/dbwebb-kurser/mvc/me/report/tests/Poker/Hands/StraightFlushTest.php" tests="4" assertions="16" errors="0" warnings="0" failures="0" skipped="0" time="0.001914">
        <testcase name="testConstruct" class="App\Poker\Hands\StraightFlushTest" classname="App.Poker.Hands.StraightFlushTest" file="/home/atb/dbwebb-kurser/mvc/me/report/tests/Poker/Hands/StraightFlushTest.php" line="16" assertions="1" time="0.000311"/>
        <testcase name="testRank" class="App\Poker\Hands\StraightFlushTest" classname="App.Poker.Hands.StraightFlushTest" file="/home/atb/dbwebb-kurser/mvc/me/report/tests/Poker/Hands/StraightFlushTest.php" line="25" assertions="2" time="0.000284"/>
        <testcase name="testEqualsAndValue" class="App\Poker\Hands\StraightFlushTest" classname="App.Poker.Hands.StraightFlushTest" file="/home/atb/dbwebb-kurser/mvc/me/report/tests/Poker/Hands/StraightFlushTest.php" line="36" assertions="12" time="0.000872"/>
        <testcase name="testToString" class="App\Poker\Hands\StraightFlushTest" classname="App.Poker.Hands.StraightFlushTest" file="/home/atb/dbwebb-kurser/mvc/me/report/tests/Poker/Hands/StraightFlushTest.php" line="105" assertions="1" time="0.000447"/>
      </testsuite>
      <testsuite name="App\Poker\Hands\StraightTest" file="/home/atb/dbwebb-kurser/mvc/me/report/tests/Poker/Hands/StraightTest.php" tests="4" assertions="18" errors="0" warnings="0" failures="0" skipped="0" time="0.002055">
        <testcase name="testConstruct" class="App\Poker\Hands\StraightTest" classname="App.Poker.Hands.StraightTest" file="/home/atb/dbwebb-kurser/mvc/me/report/tests/Poker/Hands/StraightTest.php" line="16" assertions="1" time="0.000272"/>
        <testcase name="testRank" class="App\Poker\Hands\StraightTest" classname="App.Poker.Hands.StraightTest" file="/home/atb/dbwebb-kurser/mvc/me/report/tests/Poker/Hands/StraightTest.php" line="25" assertions="2" time="0.000280"/>
        <testcase name="testEqualsAndValue" class="App\Poker\Hands\StraightTest" classname="App.Poker.Hands.StraightTest" file="/home/atb/dbwebb-kurser/mvc/me/report/tests/Poker/Hands/StraightTest.php" line="36" assertions="14" time="0.000891"/>
        <testcase name="testToString" class="App\Poker\Hands\StraightTest" classname="App.Poker.Hands.StraightTest" file="/home/atb/dbwebb-kurser/mvc/me/report/tests/Poker/Hands/StraightTest.php" line="116" assertions="1" time="0.000612"/>
      </testsuite>
      <testsuite name="App\Poker\Hands\ThreeOfAKindTest" file="/home/atb/dbwebb-kurser/mvc/me/report/tests/Poker/Hands/ThreeOfAKindTest.php" tests="4" assertions="14" errors="0" warnings="0" failures="0" skipped="0" time="0.001865">
        <testcase name="testConstruct" class="App\Poker\Hands\ThreeOfAKindTest" classname="App.Poker.Hands.ThreeOfAKindTest" file="/home/atb/dbwebb-kurser/mvc/me/report/tests/Poker/Hands/ThreeOfAKindTest.php" line="16" assertions="1" time="0.000287"/>
        <testcase name="testRank" class="App\Poker\Hands\ThreeOfAKindTest" classname="App.Poker.Hands.ThreeOfAKindTest" file="/home/atb/dbwebb-kurser/mvc/me/report/tests/Poker/Hands/ThreeOfAKindTest.php" line="25" assertions="2" time="0.000267"/>
        <testcase name="testEqualsAndValue" class="App\Poker\Hands\ThreeOfAKindTest" classname="App.Poker.Hands.ThreeOfAKindTest" file="/home/atb/dbwebb-kurser/mvc/me/report/tests/Poker/Hands/ThreeOfAKindTest.php" line="36" assertions="10" time="0.000696"/>
        <testcase name="testToString" class="App\Poker\Hands\ThreeOfAKindTest" classname="App.Poker.Hands.ThreeOfAKindTest" file="/home/atb/dbwebb-kurser/mvc/me/report/tests/Poker/Hands/ThreeOfAKindTest.php" line="94" assertions="1" time="0.000615"/>
      </testsuite>
      <testsuite name="App\Poker\Hands\TwoPairsTest" file="/home/atb/dbwebb-kurser/mvc/me/report/tests/Poker/Hands/TwoPairsTest.php" tests="4" assertions="16" errors="0" warnings="0" failures="0" skipped="0" time="0.001892">
        <testcase name="testConstruct" class="App\Poker\Hands\TwoPairsTest" classname="App.Poker.Hands.TwoPairsTest" file="/home/atb/dbwebb-kurser/mvc/me/report/tests/Poker/Hands/TwoPairsTest.php" line="16" assertions="1" time="0.000342"/>
        <testcase name="testRank" class="App\Poker\Hands\TwoPairsTest" classname="App.Poker.Hands.TwoPairsTest" file="/home/atb/dbwebb-kurser/mvc/me/report/tests/Poker/Hands/TwoPairsTest.php" line="25" assertions="2" time="0.000297"/>
        <testcase name="testEqualsAndValue" class="App\Poker\Hands\TwoPairsTest" classname="App.Poker.Hands.TwoPairsTest" file="/home/atb/dbwebb-kurser/mvc/me/report/tests/Poker/Hands/TwoPairsTest.php" line="36" assertions="12" time="0.000807"/>
        <testcase name="testToString" class="App\Poker\Hands\TwoPairsTest" classname="App.Poker.Hands.TwoPairsTest" file="/home/atb/dbwebb-kurser/mvc/me/report/tests/Poker/Hands/TwoPairsTest.php" line="105" assertions="1" time="0.000447"/>
      </testsuite>
      <testsuite name="App\Poker\PlayerBankTest" file="/home/atb/dbwebb-kurser/mvc/me/report/tests/Poker/PlayerBankTest.php" tests="4" assertions="7" errors="0" warnings="0" failures="0" skipped="0" time="0.001018">
        <testcase name="testConstruct" class="App\Poker\PlayerBankTest" classname="App.Poker.PlayerBankTest" file="/home/atb/dbwebb-kurser/mvc/me/report/tests/Poker/PlayerBankTest.php" line="14" assertions="2" time="0.000261"/>
        <testcase name="testPlace" class="App\Poker\PlayerBankTest" classname="App.Poker.PlayerBankTest" file="/home/atb/dbwebb-kurser/mvc/me/report/tests/Poker/PlayerBankTest.php" line="24" assertions="2" time="0.000251"/>
        <testcase name="testGain" class="App\Poker\PlayerBankTest" classname="App.Poker.PlayerBankTest" file="/home/atb/dbwebb-kurser/mvc/me/report/tests/Poker/PlayerBankTest.php" line="41" assertions="2" time="0.000257"/>
        <testcase name="testToString" class="App\Poker\PlayerBankTest" classname="App.Poker.PlayerBankTest" file="/home/atb/dbwebb-kurser/mvc/me/report/tests/Poker/PlayerBankTest.php" line="58" assertions="1" time="0.000249"/>
      </testsuite>
      <testsuite name="App\Poker\PlayerHandTest" file="/home/atb/dbwebb-kurser/mvc/me/report/tests/Poker/PlayerHandTest.php" tests="6" assertions="23" errors="0" warnings="0" failures="0" skipped="0" time="0.002206">
        <testcase name="testConstruct" class="App\Poker\PlayerHandTest" classname="App.Poker.PlayerHandTest" file="/home/atb/dbwebb-kurser/mvc/me/report/tests/Poker/PlayerHandTest.php" line="16" assertions="1" time="0.000269"/>
        <testcase name="testRemoveAndAddCard" class="App\Poker\PlayerHandTest" classname="App.Poker.PlayerHandTest" file="/home/atb/dbwebb-kurser/mvc/me/report/tests/Poker/PlayerHandTest.php" line="25" assertions="7" time="0.000429"/>
        <testcase name="testGetCard" class="App\Poker\PlayerHandTest" classname="App.Poker.PlayerHandTest" file="/home/atb/dbwebb-kurser/mvc/me/report/tests/Poker/PlayerHandTest.php" line="62" assertions="6" time="0.000338"/>
        <testcase name="testGetHand" class="App\Poker\PlayerHandTest" classname="App.Poker.PlayerHandTest" file="/home/atb/dbwebb-kurser/mvc/me/report/tests/Poker/PlayerHandTest.php" line="81" assertions="6" time="0.000351"/>
        <testcase name="testReset" class="App\Poker\PlayerHandTest" classname="App.Poker.PlayerHandTest" file="/home/atb/dbwebb-kurser/mvc/me/report/tests/Poker/PlayerHandTest.php" line="104" assertions="2" time="0.000464"/>
        <testcase name="testToString" class="App\Poker\PlayerHandTest" classname="App.Poker.PlayerHandTest" file="/home/atb/dbwebb-kurser/mvc/me/report/tests/Poker/PlayerHandTest.php" line="120" assertions="1" time="0.000354"/>
      </testsuite>
      <testsuite name="App\Poker\PlayerTest" file="/home/atb/dbwebb-kurser/mvc/me/report/tests/Poker/PlayerTest.php" tests="8" assertions="31" errors="0" warnings="0" failures="0" skipped="0" time="0.007641">
        <testcase name="testConstruct" class="App\Poker\PlayerTest" classname="App.Poker.PlayerTest" file="/home/atb/dbwebb-kurser/mvc/me/report/tests/Poker/PlayerTest.php" line="18" assertions="6" time="0.000334"/>
        <testcase name="testPlaceBet" class="App\Poker\PlayerTest" classname="App.Poker.PlayerTest" file="/home/atb/dbwebb-kurser/mvc/me/report/tests/Poker/PlayerTest.php" line="34" assertions="6" time="0.000321"/>
        <testcase name="testSetCurrentPokerHand" class="App\Poker\PlayerTest" classname="App.Poker.PlayerTest" file="/home/atb/dbwebb-kurser/mvc/me/report/tests/Poker/PlayerTest.php" line="62" assertions="8" time="0.003690"/>
        <testcase name="testReset" class="App\Poker\PlayerTest" classname="App.Poker.PlayerTest" file="/home/atb/dbwebb-kurser/mvc/me/report/tests/Poker/PlayerTest.php" line="163" assertions="6" time="0.000972"/>
        <testcase name="testGetRank" class="App\Poker\PlayerTest" classname="App.Poker.PlayerTest" file="/home/atb/dbwebb-kurser/mvc/me/report/tests/Poker/PlayerTest.php" line="189" assertions="1" time="0.000654"/>
        <testcase name="testGetValue" class="App\Poker\PlayerTest" classname="App.Poker.PlayerTest" file="/home/atb/dbwebb-kurser/mvc/me/report/tests/Poker/PlayerTest.php" line="206" assertions="1" time="0.000907"/>
        <testcase name="testIsEqual" class="App\Poker\PlayerTest" classname="App.Poker.PlayerTest" file="/home/atb/dbwebb-kurser/mvc/me/report/tests/Poker/PlayerTest.php" line="223" assertions="2" time="0.000365"/>
        <testcase name="testToString" class="App\Poker\PlayerTest" classname="App.Poker.PlayerTest" file="/home/atb/dbwebb-kurser/mvc/me/report/tests/Poker/PlayerTest.php" line="235" assertions="1" time="0.000398"/>
      </testsuite>
    </testsuite>
  </testsuite>
</testsuites>
