<?xml version="1.0" encoding="UTF-8"?>
<testsuites>
  <testsuite name="" tests="28" assertions="179" errors="0" warnings="0" failures="0" skipped="0" time="0.059624">
    <testsuite name="Project Test Suite" tests="28" assertions="179" errors="0" warnings="0" failures="0" skipped="0" time="0.059624">
      <testsuite name="App\CardGame\CardDeckTest" file="/home/atb/dbwebb-kurser/mvc/me/report/tests/CardGame/CardDeckTest.php" tests="12" assertions="126" errors="0" warnings="0" failures="0" skipped="0" time="0.044482">
        <testcase name="testConstruct" class="App\CardGame\CardDeckTest" classname="App.CardGame.CardDeckTest" file="/home/atb/dbwebb-kurser/mvc/me/report/tests/CardGame/CardDeckTest.php" line="15" assertions="2" time="0.005721"/>
        <testcase name="testResetDeck" class="App\CardGame\CardDeckTest" classname="App.CardGame.CardDeckTest" file="/home/atb/dbwebb-kurser/mvc/me/report/tests/CardGame/CardDeckTest.php" line="25" assertions="53" time="0.001313"/>
        <testcase name="testRemoveCard" class="App\CardGame\CardDeckTest" classname="App.CardGame.CardDeckTest" file="/home/atb/dbwebb-kurser/mvc/me/report/tests/CardGame/CardDeckTest.php" line="42" assertions="1" time="0.000482"/>
        <testcase name="testCardInDeck" class="App\CardGame\CardDeckTest" classname="App.CardGame.CardDeckTest" file="/home/atb/dbwebb-kurser/mvc/me/report/tests/CardGame/CardDeckTest.php" line="55" assertions="1" time="0.000993"/>
        <testcase name="testDrawCard" class="App\CardGame\CardDeckTest" classname="App.CardGame.CardDeckTest" file="/home/atb/dbwebb-kurser/mvc/me/report/tests/CardGame/CardDeckTest.php" line="71" assertions="4" time="0.001772"/>
        <testcase name="testDrawMultipleCards" class="App\CardGame\CardDeckTest" classname="App.CardGame.CardDeckTest" file="/home/atb/dbwebb-kurser/mvc/me/report/tests/CardGame/CardDeckTest.php" line="94" assertions="4" time="0.001282"/>
        <testcase name="testShuffle" class="App\CardGame\CardDeckTest" classname="App.CardGame.CardDeckTest" file="/home/atb/dbwebb-kurser/mvc/me/report/tests/CardGame/CardDeckTest.php" line="118" assertions="2" time="0.025438"/>
        <testcase name="testGetAll" class="App\CardGame\CardDeckTest" classname="App.CardGame.CardDeckTest" file="/home/atb/dbwebb-kurser/mvc/me/report/tests/CardGame/CardDeckTest.php" line="133" assertions="53" time="0.000805"/>
        <testcase name="testGetAllSorted" class="App\CardGame\CardDeckTest" classname="App.CardGame.CardDeckTest" file="/home/atb/dbwebb-kurser/mvc/me/report/tests/CardGame/CardDeckTest.php" line="153" assertions="2" time="0.004239"/>
        <testcase name="testShowAll" class="App\CardGame\CardDeckTest" classname="App.CardGame.CardDeckTest" file="/home/atb/dbwebb-kurser/mvc/me/report/tests/CardGame/CardDeckTest.php" line="172" assertions="1" time="0.001238"/>
        <testcase name="testGetCardAt" class="App\CardGame\CardDeckTest" classname="App.CardGame.CardDeckTest" file="/home/atb/dbwebb-kurser/mvc/me/report/tests/CardGame/CardDeckTest.php" line="182" assertions="2" time="0.000593"/>
        <testcase name="testToString" class="App\CardGame\CardDeckTest" classname="App.CardGame.CardDeckTest" file="/home/atb/dbwebb-kurser/mvc/me/report/tests/CardGame/CardDeckTest.php" line="196" assertions="1" time="0.000607"/>
      </testsuite>
      <testsuite name="App\CardGame\CardGraphicTest" file="/home/atb/dbwebb-kurser/mvc/me/report/tests/CardGame/CardGraphicTest.php" tests="5" assertions="27" errors="0" warnings="0" failures="0" skipped="0" time="0.001380">
        <testcase name="testConstruct" class="App\CardGame\CardGraphicTest" classname="App.CardGame.CardGraphicTest" file="/home/atb/dbwebb-kurser/mvc/me/report/tests/CardGame/CardGraphicTest.php" line="15" assertions="1" time="0.000249"/>
        <testcase name="testSuits" class="App\CardGame\CardGraphicTest" classname="App.CardGame.CardGraphicTest" file="/home/atb/dbwebb-kurser/mvc/me/report/tests/CardGame/CardGraphicTest.php" line="24" assertions="8" time="0.000295"/>
        <testcase name="testNumbers" class="App\CardGame\CardGraphicTest" classname="App.CardGame.CardGraphicTest" file="/home/atb/dbwebb-kurser/mvc/me/report/tests/CardGame/CardGraphicTest.php" line="50" assertions="13" time="0.000340"/>
        <testcase name="testValues" class="App\CardGame\CardGraphicTest" classname="App.CardGame.CardGraphicTest" file="/home/atb/dbwebb-kurser/mvc/me/report/tests/CardGame/CardGraphicTest.php" line="82" assertions="4" time="0.000236"/>
        <testcase name="testToString" class="App\CardGame\CardGraphicTest" classname="App.CardGame.CardGraphicTest" file="/home/atb/dbwebb-kurser/mvc/me/report/tests/CardGame/CardGraphicTest.php" line="98" assertions="1" time="0.000260"/>
      </testsuite>
      <testsuite name="App\CardGame\CardHandTest" file="/home/atb/dbwebb-kurser/mvc/me/report/tests/CardGame/CardHandTest.php" tests="6" assertions="19" errors="0" warnings="0" failures="0" skipped="0" time="0.002241">
        <testcase name="testConstruct" class="App\CardGame\CardHandTest" classname="App.CardGame.CardHandTest" file="/home/atb/dbwebb-kurser/mvc/me/report/tests/CardGame/CardHandTest.php" line="15" assertions="2" time="0.000674"/>
        <testcase name="testCardAdd" class="App\CardGame\CardHandTest" classname="App.CardGame.CardHandTest" file="/home/atb/dbwebb-kurser/mvc/me/report/tests/CardGame/CardHandTest.php" line="25" assertions="4" time="0.000306"/>
        <testcase name="testSumOfCards" class="App\CardGame\CardHandTest" classname="App.CardGame.CardHandTest" file="/home/atb/dbwebb-kurser/mvc/me/report/tests/CardGame/CardHandTest.php" line="41" assertions="4" time="0.000400"/>
        <testcase name="testGetAllValues" class="App\CardGame\CardHandTest" classname="App.CardGame.CardHandTest" file="/home/atb/dbwebb-kurser/mvc/me/report/tests/CardGame/CardHandTest.php" line="84" assertions="6" time="0.000322"/>
        <testcase name="testGetCardAt" class="App\CardGame\CardHandTest" classname="App.CardGame.CardHandTest" file="/home/atb/dbwebb-kurser/mvc/me/report/tests/CardGame/CardHandTest.php" line="106" assertions="1" time="0.000293"/>
        <testcase name="testToString" class="App\CardGame\CardHandTest" classname="App.CardGame.CardHandTest" file="/home/atb/dbwebb-kurser/mvc/me/report/tests/CardGame/CardHandTest.php" line="120" assertions="2" time="0.000247"/>
      </testsuite>
      <testsuite name="App\CardGame\CardTest" file="/home/atb/dbwebb-kurser/mvc/me/report/tests/CardGame/CardTest.php" tests="3" assertions="4" errors="0" warnings="0" failures="0" skipped="0" time="0.000684">
        <testcase name="testConstruct" class="App\CardGame\CardTest" classname="App.CardGame.CardTest" file="/home/atb/dbwebb-kurser/mvc/me/report/tests/CardGame/CardTest.php" line="15" assertions="1" time="0.000219"/>
        <testcase name="testValues" class="App\CardGame\CardTest" classname="App.CardGame.CardTest" file="/home/atb/dbwebb-kurser/mvc/me/report/tests/CardGame/CardTest.php" line="24" assertions="2" time="0.000225"/>
        <testcase name="testToString" class="App\CardGame\CardTest" classname="App.CardGame.CardTest" file="/home/atb/dbwebb-kurser/mvc/me/report/tests/CardGame/CardTest.php" line="35" assertions="1" time="0.000240"/>
      </testsuite>
      <testsuite name="App\Dice\DiceTest" file="/home/atb/dbwebb-kurser/mvc/me/report/tests/Dice/DiceTest.php" tests="2" assertions="3" errors="0" warnings="0" failures="0" skipped="0" time="0.010836">
        <testcase name="testCreateDice" class="App\Dice\DiceTest" classname="App.Dice.DiceTest" file="/home/atb/dbwebb-kurser/mvc/me/report/tests/Dice/DiceTest.php" line="16" assertions="2" time="0.001713"/>
        <testcase name="testStubRollDiceLastRoll" class="App\Dice\DiceTest" classname="App.Dice.DiceTest" file="/home/atb/dbwebb-kurser/mvc/me/report/tests/Dice/DiceTest.php" line="28" assertions="1" time="0.009123"/>
      </testsuite>
    </testsuite>
  </testsuite>
</testsuites>
