<?xml version="1.0" encoding="UTF-8"?>
<testsuites>
  <testsuite name="" tests="99" assertions="406" errors="0" warnings="0" failures="0" skipped="0" time="0.119938">
    <testsuite name="Project Test Suite" tests="99" assertions="406" errors="0" warnings="0" failures="0" skipped="0" time="0.119938">
      <testsuite name="App\CardGame\CardDeckTest" file="/home/atb/dbwebb-kurser/mvc/me/report/tests/CardGame/CardDeckTest.php" tests="12" assertions="126" errors="0" warnings="0" failures="0" skipped="0" time="0.056027">
        <testcase name="testConstruct" class="App\CardGame\CardDeckTest" classname="App.CardGame.CardDeckTest" file="/home/atb/dbwebb-kurser/mvc/me/report/tests/CardGame/CardDeckTest.php" line="15" assertions="2" time="0.008109"/>
        <testcase name="testResetDeck" class="App\CardGame\CardDeckTest" classname="App.CardGame.CardDeckTest" file="/home/atb/dbwebb-kurser/mvc/me/report/tests/CardGame/CardDeckTest.php" line="25" assertions="53" time="0.001764"/>
        <testcase name="testRemoveCard" class="App\CardGame\CardDeckTest" classname="App.CardGame.CardDeckTest" file="/home/atb/dbwebb-kurser/mvc/me/report/tests/CardGame/CardDeckTest.php" line="42" assertions="1" time="0.000673"/>
        <testcase name="testCardInDeck" class="App\CardGame\CardDeckTest" classname="App.CardGame.CardDeckTest" file="/home/atb/dbwebb-kurser/mvc/me/report/tests/CardGame/CardDeckTest.php" line="55" assertions="1" time="0.000933"/>
        <testcase name="testDrawCard" class="App\CardGame\CardDeckTest" classname="App.CardGame.CardDeckTest" file="/home/atb/dbwebb-kurser/mvc/me/report/tests/CardGame/CardDeckTest.php" line="71" assertions="4" time="0.001267"/>
        <testcase name="testDrawMultipleCards" class="App\CardGame\CardDeckTest" classname="App.CardGame.CardDeckTest" file="/home/atb/dbwebb-kurser/mvc/me/report/tests/CardGame/CardDeckTest.php" line="94" assertions="4" time="0.001272"/>
        <testcase name="testShuffle" class="App\CardGame\CardDeckTest" classname="App.CardGame.CardDeckTest" file="/home/atb/dbwebb-kurser/mvc/me/report/tests/CardGame/CardDeckTest.php" line="118" assertions="2" time="0.033814"/>
        <testcase name="testGetAll" class="App\CardGame\CardDeckTest" classname="App.CardGame.CardDeckTest" file="/home/atb/dbwebb-kurser/mvc/me/report/tests/CardGame/CardDeckTest.php" line="133" assertions="53" time="0.000983"/>
        <testcase name="testGetAllSorted" class="App\CardGame\CardDeckTest" classname="App.CardGame.CardDeckTest" file="/home/atb/dbwebb-kurser/mvc/me/report/tests/CardGame/CardDeckTest.php" line="153" assertions="2" time="0.004962"/>
        <testcase name="testShowAll" class="App\CardGame\CardDeckTest" classname="App.CardGame.CardDeckTest" file="/home/atb/dbwebb-kurser/mvc/me/report/tests/CardGame/CardDeckTest.php" line="172" assertions="1" time="0.000858"/>
        <testcase name="testGetCardAt" class="App\CardGame\CardDeckTest" classname="App.CardGame.CardDeckTest" file="/home/atb/dbwebb-kurser/mvc/me/report/tests/CardGame/CardDeckTest.php" line="182" assertions="2" time="0.000664"/>
        <testcase name="testToString" class="App\CardGame\CardDeckTest" classname="App.CardGame.CardDeckTest" file="/home/atb/dbwebb-kurser/mvc/me/report/tests/CardGame/CardDeckTest.php" line="196" assertions="1" time="0.000730"/>
      </testsuite>
      <testsuite name="App\CardGame\CardGraphicTest" file="/home/atb/dbwebb-kurser/mvc/me/report/tests/CardGame/CardGraphicTest.php" tests="5" assertions="27" errors="0" warnings="0" failures="0" skipped="0" time="0.001713">
        <testcase name="testConstruct" class="App\CardGame\CardGraphicTest" classname="App.CardGame.CardGraphicTest" file="/home/atb/dbwebb-kurser/mvc/me/report/tests/CardGame/CardGraphicTest.php" line="15" assertions="1" time="0.000290"/>
        <testcase name="testSuits" class="App\CardGame\CardGraphicTest" classname="App.CardGame.CardGraphicTest" file="/home/atb/dbwebb-kurser/mvc/me/report/tests/CardGame/CardGraphicTest.php" line="24" assertions="8" time="0.000351"/>
        <testcase name="testNumbers" class="App\CardGame\CardGraphicTest" classname="App.CardGame.CardGraphicTest" file="/home/atb/dbwebb-kurser/mvc/me/report/tests/CardGame/CardGraphicTest.php" line="50" assertions="13" time="0.000490"/>
        <testcase name="testValues" class="App\CardGame\CardGraphicTest" classname="App.CardGame.CardGraphicTest" file="/home/atb/dbwebb-kurser/mvc/me/report/tests/CardGame/CardGraphicTest.php" line="82" assertions="4" time="0.000310"/>
        <testcase name="testToString" class="App\CardGame\CardGraphicTest" classname="App.CardGame.CardGraphicTest" file="/home/atb/dbwebb-kurser/mvc/me/report/tests/CardGame/CardGraphicTest.php" line="98" assertions="1" time="0.000272"/>
      </testsuite>
      <testsuite name="App\CardGame\CardHandTest" file="/home/atb/dbwebb-kurser/mvc/me/report/tests/CardGame/CardHandTest.php" tests="6" assertions="19" errors="0" warnings="0" failures="0" skipped="0" time="0.002575">
        <testcase name="testConstruct" class="App\CardGame\CardHandTest" classname="App.CardGame.CardHandTest" file="/home/atb/dbwebb-kurser/mvc/me/report/tests/CardGame/CardHandTest.php" line="15" assertions="2" time="0.000710"/>
        <testcase name="testCardAdd" class="App\CardGame\CardHandTest" classname="App.CardGame.CardHandTest" file="/home/atb/dbwebb-kurser/mvc/me/report/tests/CardGame/CardHandTest.php" line="25" assertions="4" time="0.000361"/>
        <testcase name="testSumOfCards" class="App\CardGame\CardHandTest" classname="App.CardGame.CardHandTest" file="/home/atb/dbwebb-kurser/mvc/me/report/tests/CardGame/CardHandTest.php" line="41" assertions="4" time="0.000496"/>
        <testcase name="testGetAllValues" class="App\CardGame\CardHandTest" classname="App.CardGame.CardHandTest" file="/home/atb/dbwebb-kurser/mvc/me/report/tests/CardGame/CardHandTest.php" line="84" assertions="6" time="0.000360"/>
        <testcase name="testGetCardAt" class="App\CardGame\CardHandTest" classname="App.CardGame.CardHandTest" file="/home/atb/dbwebb-kurser/mvc/me/report/tests/CardGame/CardHandTest.php" line="106" assertions="1" time="0.000347"/>
        <testcase name="testToString" class="App\CardGame\CardHandTest" classname="App.CardGame.CardHandTest" file="/home/atb/dbwebb-kurser/mvc/me/report/tests/CardGame/CardHandTest.php" line="120" assertions="2" time="0.000302"/>
      </testsuite>
      <testsuite name="App\CardGame\CardTest" file="/home/atb/dbwebb-kurser/mvc/me/report/tests/CardGame/CardTest.php" tests="4" assertions="6" errors="0" warnings="0" failures="0" skipped="0" time="0.001478">
        <testcase name="testConstruct" class="App\CardGame\CardTest" classname="App.CardGame.CardTest" file="/home/atb/dbwebb-kurser/mvc/me/report/tests/CardGame/CardTest.php" line="15" assertions="1" time="0.000277"/>
        <testcase name="testValues" class="App\CardGame\CardTest" classname="App.CardGame.CardTest" file="/home/atb/dbwebb-kurser/mvc/me/report/tests/CardGame/CardTest.php" line="24" assertions="2" time="0.000300"/>
        <testcase name="testIsEqual" class="App\CardGame\CardTest" classname="App.CardGame.CardTest" file="/home/atb/dbwebb-kurser/mvc/me/report/tests/CardGame/CardTest.php" line="35" assertions="2" time="0.000635"/>
        <testcase name="testToString" class="App\CardGame\CardTest" classname="App.CardGame.CardTest" file="/home/atb/dbwebb-kurser/mvc/me/report/tests/CardGame/CardTest.php" line="47" assertions="1" time="0.000266"/>
      </testsuite>
      <testsuite name="App\Dice\DiceTest" file="/home/atb/dbwebb-kurser/mvc/me/report/tests/Dice/DiceTest.php" tests="2" assertions="3" errors="0" warnings="0" failures="0" skipped="0" time="0.012610">
        <testcase name="testCreateDice" class="App\Dice\DiceTest" classname="App.Dice.DiceTest" file="/home/atb/dbwebb-kurser/mvc/me/report/tests/Dice/DiceTest.php" line="16" assertions="2" time="0.002342"/>
        <testcase name="testStubRollDiceLastRoll" class="App\Dice\DiceTest" classname="App.Dice.DiceTest" file="/home/atb/dbwebb-kurser/mvc/me/report/tests/Dice/DiceTest.php" line="28" assertions="1" time="0.010268"/>
      </testsuite>
      <testsuite name="App\Poker\GameboardTest" file="/home/atb/dbwebb-kurser/mvc/me/report/tests/Poker/GameboardTest.php" tests="7" assertions="15" errors="0" warnings="0" failures="0" skipped="0" time="0.015873">
        <testcase name="testConstruct" class="App\Poker\GameboardTest" classname="App.Poker.GameboardTest" file="/home/atb/dbwebb-kurser/mvc/me/report/tests/Poker/GameboardTest.php" line="16" assertions="1" time="0.000823"/>
        <testcase name="testStart" class="App\Poker\GameboardTest" classname="App.Poker.GameboardTest" file="/home/atb/dbwebb-kurser/mvc/me/report/tests/Poker/GameboardTest.php" line="25" assertions="3" time="0.002303"/>
        <testcase name="testAddPlayer" class="App\Poker\GameboardTest" classname="App.Poker.GameboardTest" file="/home/atb/dbwebb-kurser/mvc/me/report/tests/Poker/GameboardTest.php" line="39" assertions="4" time="0.001286"/>
        <testcase name="testDraw" class="App\Poker\GameboardTest" classname="App.Poker.GameboardTest" file="/home/atb/dbwebb-kurser/mvc/me/report/tests/Poker/GameboardTest.php" line="62" assertions="2" time="0.003822"/>
        <testcase name="testRemove" class="App\Poker\GameboardTest" classname="App.Poker.GameboardTest" file="/home/atb/dbwebb-kurser/mvc/me/report/tests/Poker/GameboardTest.php" line="80" assertions="2" time="0.001862"/>
        <testcase name="testEndRound" class="App\Poker\GameboardTest" classname="App.Poker.GameboardTest" file="/home/atb/dbwebb-kurser/mvc/me/report/tests/Poker/GameboardTest.php" line="98" assertions="2" time="0.004609"/>
        <testcase name="testToString" class="App\Poker\GameboardTest" classname="App.Poker.GameboardTest" file="/home/atb/dbwebb-kurser/mvc/me/report/tests/Poker/GameboardTest.php" line="122" assertions="1" time="0.001167"/>
      </testsuite>
      <testsuite name="App\Poker\Hands\DefaultHandTest" file="/home/atb/dbwebb-kurser/mvc/me/report/tests/Poker/Hands/DefaultHandTest.php" tests="5" assertions="7" errors="0" warnings="0" failures="0" skipped="0" time="0.001665">
        <testcase name="testConstruct" class="App\Poker\Hands\DefaultHandTest" classname="App.Poker.Hands.DefaultHandTest" file="/home/atb/dbwebb-kurser/mvc/me/report/tests/Poker/Hands/DefaultHandTest.php" line="13" assertions="1" time="0.000299"/>
        <testcase name="testRank" class="App\Poker\Hands\DefaultHandTest" classname="App.Poker.Hands.DefaultHandTest" file="/home/atb/dbwebb-kurser/mvc/me/report/tests/Poker/Hands/DefaultHandTest.php" line="22" assertions="2" time="0.000374"/>
        <testcase name="testValue" class="App\Poker\Hands\DefaultHandTest" classname="App.Poker.Hands.DefaultHandTest" file="/home/atb/dbwebb-kurser/mvc/me/report/tests/Poker/Hands/DefaultHandTest.php" line="33" assertions="2" time="0.000336"/>
        <testcase name="testCountCards" class="App\Poker\Hands\DefaultHandTest" classname="App.Poker.Hands.DefaultHandTest" file="/home/atb/dbwebb-kurser/mvc/me/report/tests/Poker/Hands/DefaultHandTest.php" line="44" assertions="1" time="0.000319"/>
        <testcase name="testToString" class="App\Poker\Hands\DefaultHandTest" classname="App.Poker.Hands.DefaultHandTest" file="/home/atb/dbwebb-kurser/mvc/me/report/tests/Poker/Hands/DefaultHandTest.php" line="54" assertions="1" time="0.000337"/>
      </testsuite>
      <testsuite name="App\Poker\Hands\FiveOfAKindTest" file="/home/atb/dbwebb-kurser/mvc/me/report/tests/Poker/Hands/FiveOfAKindTest.php" tests="4" assertions="14" errors="0" warnings="0" failures="0" skipped="0" time="0.001675">
        <testcase name="testConstruct" class="App\Poker\Hands\FiveOfAKindTest" classname="App.Poker.Hands.FiveOfAKindTest" file="/home/atb/dbwebb-kurser/mvc/me/report/tests/Poker/Hands/FiveOfAKindTest.php" line="16" assertions="1" time="0.000269"/>
        <testcase name="testRank" class="App\Poker\Hands\FiveOfAKindTest" classname="App.Poker.Hands.FiveOfAKindTest" file="/home/atb/dbwebb-kurser/mvc/me/report/tests/Poker/Hands/FiveOfAKindTest.php" line="25" assertions="2" time="0.000278"/>
        <testcase name="testEqualsAndValue" class="App\Poker\Hands\FiveOfAKindTest" classname="App.Poker.Hands.FiveOfAKindTest" file="/home/atb/dbwebb-kurser/mvc/me/report/tests/Poker/Hands/FiveOfAKindTest.php" line="36" assertions="10" time="0.000712"/>
        <testcase name="testToString" class="App\Poker\Hands\FiveOfAKindTest" classname="App.Poker.Hands.FiveOfAKindTest" file="/home/atb/dbwebb-kurser/mvc/me/report/tests/Poker/Hands/FiveOfAKindTest.php" line="94" assertions="1" time="0.000416"/>
      </testsuite>
      <testsuite name="App\Poker\Hands\FlushTest" file="/home/atb/dbwebb-kurser/mvc/me/report/tests/Poker/Hands/FlushTest.php" tests="4" assertions="14" errors="0" warnings="0" failures="0" skipped="0" time="0.001652">
        <testcase name="testConstruct" class="App\Poker\Hands\FlushTest" classname="App.Poker.Hands.FlushTest" file="/home/atb/dbwebb-kurser/mvc/me/report/tests/Poker/Hands/FlushTest.php" line="16" assertions="1" time="0.000268"/>
        <testcase name="testRank" class="App\Poker\Hands\FlushTest" classname="App.Poker.Hands.FlushTest" file="/home/atb/dbwebb-kurser/mvc/me/report/tests/Poker/Hands/FlushTest.php" line="25" assertions="2" time="0.000272"/>
        <testcase name="testEqualsAndValue" class="App\Poker\Hands\FlushTest" classname="App.Poker.Hands.FlushTest" file="/home/atb/dbwebb-kurser/mvc/me/report/tests/Poker/Hands/FlushTest.php" line="36" assertions="10" time="0.000690"/>
        <testcase name="testToString" class="App\Poker\Hands\FlushTest" classname="App.Poker.Hands.FlushTest" file="/home/atb/dbwebb-kurser/mvc/me/report/tests/Poker/Hands/FlushTest.php" line="94" assertions="1" time="0.000422"/>
      </testsuite>
      <testsuite name="App\Poker\Hands\FourOfAKindTest" file="/home/atb/dbwebb-kurser/mvc/me/report/tests/Poker/Hands/FourOfAKindTest.php" tests="4" assertions="14" errors="0" warnings="0" failures="0" skipped="0" time="0.001692">
        <testcase name="testConstruct" class="App\Poker\Hands\FourOfAKindTest" classname="App.Poker.Hands.FourOfAKindTest" file="/home/atb/dbwebb-kurser/mvc/me/report/tests/Poker/Hands/FourOfAKindTest.php" line="16" assertions="1" time="0.000309"/>
        <testcase name="testRank" class="App\Poker\Hands\FourOfAKindTest" classname="App.Poker.Hands.FourOfAKindTest" file="/home/atb/dbwebb-kurser/mvc/me/report/tests/Poker/Hands/FourOfAKindTest.php" line="25" assertions="2" time="0.000281"/>
        <testcase name="testEqualsAndValue" class="App\Poker\Hands\FourOfAKindTest" classname="App.Poker.Hands.FourOfAKindTest" file="/home/atb/dbwebb-kurser/mvc/me/report/tests/Poker/Hands/FourOfAKindTest.php" line="36" assertions="10" time="0.000696"/>
        <testcase name="testToString" class="App\Poker\Hands\FourOfAKindTest" classname="App.Poker.Hands.FourOfAKindTest" file="/home/atb/dbwebb-kurser/mvc/me/report/tests/Poker/Hands/FourOfAKindTest.php" line="94" assertions="1" time="0.000405"/>
      </testsuite>
      <testsuite name="App\Poker\Hands\FullHouseTest" file="/home/atb/dbwebb-kurser/mvc/me/report/tests/Poker/Hands/FullHouseTest.php" tests="4" assertions="14" errors="0" warnings="0" failures="0" skipped="0" time="0.001841">
        <testcase name="testConstruct" class="App\Poker\Hands\FullHouseTest" classname="App.Poker.Hands.FullHouseTest" file="/home/atb/dbwebb-kurser/mvc/me/report/tests/Poker/Hands/FullHouseTest.php" line="16" assertions="1" time="0.000360"/>
        <testcase name="testRank" class="App\Poker\Hands\FullHouseTest" classname="App.Poker.Hands.FullHouseTest" file="/home/atb/dbwebb-kurser/mvc/me/report/tests/Poker/Hands/FullHouseTest.php" line="25" assertions="2" time="0.000330"/>
        <testcase name="testEqualsAndValue" class="App\Poker\Hands\FullHouseTest" classname="App.Poker.Hands.FullHouseTest" file="/home/atb/dbwebb-kurser/mvc/me/report/tests/Poker/Hands/FullHouseTest.php" line="36" assertions="10" time="0.000756"/>
        <testcase name="testToString" class="App\Poker\Hands\FullHouseTest" classname="App.Poker.Hands.FullHouseTest" file="/home/atb/dbwebb-kurser/mvc/me/report/tests/Poker/Hands/FullHouseTest.php" line="94" assertions="1" time="0.000395"/>
      </testsuite>
      <testsuite name="App\Poker\Hands\HighCardTest" file="/home/atb/dbwebb-kurser/mvc/me/report/tests/Poker/Hands/HighCardTest.php" tests="4" assertions="10" errors="0" warnings="0" failures="0" skipped="0" time="0.001411">
        <testcase name="testConstruct" class="App\Poker\Hands\HighCardTest" classname="App.Poker.Hands.HighCardTest" file="/home/atb/dbwebb-kurser/mvc/me/report/tests/Poker/Hands/HighCardTest.php" line="16" assertions="1" time="0.000268"/>
        <testcase name="testRank" class="App\Poker\Hands\HighCardTest" classname="App.Poker.Hands.HighCardTest" file="/home/atb/dbwebb-kurser/mvc/me/report/tests/Poker/Hands/HighCardTest.php" line="25" assertions="2" time="0.000278"/>
        <testcase name="testEqualsAndValue" class="App\Poker\Hands\HighCardTest" classname="App.Poker.Hands.HighCardTest" file="/home/atb/dbwebb-kurser/mvc/me/report/tests/Poker/Hands/HighCardTest.php" line="36" assertions="6" time="0.000482"/>
        <testcase name="testToString" class="App\Poker\Hands\HighCardTest" classname="App.Poker.Hands.HighCardTest" file="/home/atb/dbwebb-kurser/mvc/me/report/tests/Poker/Hands/HighCardTest.php" line="72" assertions="1" time="0.000383"/>
      </testsuite>
      <testsuite name="App\Poker\Hands\OnePairTest" file="/home/atb/dbwebb-kurser/mvc/me/report/tests/Poker/Hands/OnePairTest.php" tests="4" assertions="12" errors="0" warnings="0" failures="0" skipped="0" time="0.001658">
        <testcase name="testConstruct" class="App\Poker\Hands\OnePairTest" classname="App.Poker.Hands.OnePairTest" file="/home/atb/dbwebb-kurser/mvc/me/report/tests/Poker/Hands/OnePairTest.php" line="16" assertions="1" time="0.000264"/>
        <testcase name="testRank" class="App\Poker\Hands\OnePairTest" classname="App.Poker.Hands.OnePairTest" file="/home/atb/dbwebb-kurser/mvc/me/report/tests/Poker/Hands/OnePairTest.php" line="25" assertions="2" time="0.000269"/>
        <testcase name="testEqualsAndValue" class="App\Poker\Hands\OnePairTest" classname="App.Poker.Hands.OnePairTest" file="/home/atb/dbwebb-kurser/mvc/me/report/tests/Poker/Hands/OnePairTest.php" line="36" assertions="8" time="0.000637"/>
        <testcase name="testToString" class="App\Poker\Hands\OnePairTest" classname="App.Poker.Hands.OnePairTest" file="/home/atb/dbwebb-kurser/mvc/me/report/tests/Poker/Hands/OnePairTest.php" line="83" assertions="1" time="0.000489"/>
      </testsuite>
      <testsuite name="App\Poker\Hands\StraightFlushTest" file="/home/atb/dbwebb-kurser/mvc/me/report/tests/Poker/Hands/StraightFlushTest.php" tests="4" assertions="16" errors="0" warnings="0" failures="0" skipped="0" time="0.002247">
        <testcase name="testConstruct" class="App\Poker\Hands\StraightFlushTest" classname="App.Poker.Hands.StraightFlushTest" file="/home/atb/dbwebb-kurser/mvc/me/report/tests/Poker/Hands/StraightFlushTest.php" line="16" assertions="1" time="0.000284"/>
        <testcase name="testRank" class="App\Poker\Hands\StraightFlushTest" classname="App.Poker.Hands.StraightFlushTest" file="/home/atb/dbwebb-kurser/mvc/me/report/tests/Poker/Hands/StraightFlushTest.php" line="25" assertions="2" time="0.000264"/>
        <testcase name="testEqualsAndValue" class="App\Poker\Hands\StraightFlushTest" classname="App.Poker.Hands.StraightFlushTest" file="/home/atb/dbwebb-kurser/mvc/me/report/tests/Poker/Hands/StraightFlushTest.php" line="36" assertions="12" time="0.001187"/>
        <testcase name="testToString" class="App\Poker\Hands\StraightFlushTest" classname="App.Poker.Hands.StraightFlushTest" file="/home/atb/dbwebb-kurser/mvc/me/report/tests/Poker/Hands/StraightFlushTest.php" line="105" assertions="1" time="0.000511"/>
      </testsuite>
      <testsuite name="App\Poker\Hands\StraightTest" file="/home/atb/dbwebb-kurser/mvc/me/report/tests/Poker/Hands/StraightTest.php" tests="4" assertions="18" errors="0" warnings="0" failures="0" skipped="0" time="0.001924">
        <testcase name="testConstruct" class="App\Poker\Hands\StraightTest" classname="App.Poker.Hands.StraightTest" file="/home/atb/dbwebb-kurser/mvc/me/report/tests/Poker/Hands/StraightTest.php" line="16" assertions="1" time="0.000316"/>
        <testcase name="testRank" class="App\Poker\Hands\StraightTest" classname="App.Poker.Hands.StraightTest" file="/home/atb/dbwebb-kurser/mvc/me/report/tests/Poker/Hands/StraightTest.php" line="25" assertions="2" time="0.000285"/>
        <testcase name="testEqualsAndValue" class="App\Poker\Hands\StraightTest" classname="App.Poker.Hands.StraightTest" file="/home/atb/dbwebb-kurser/mvc/me/report/tests/Poker/Hands/StraightTest.php" line="36" assertions="14" time="0.000934"/>
        <testcase name="testToString" class="App\Poker\Hands\StraightTest" classname="App.Poker.Hands.StraightTest" file="/home/atb/dbwebb-kurser/mvc/me/report/tests/Poker/Hands/StraightTest.php" line="116" assertions="1" time="0.000389"/>
      </testsuite>
      <testsuite name="App\Poker\Hands\ThreeOfAKindTest" file="/home/atb/dbwebb-kurser/mvc/me/report/tests/Poker/Hands/ThreeOfAKindTest.php" tests="4" assertions="14" errors="0" warnings="0" failures="0" skipped="0" time="0.001787">
        <testcase name="testConstruct" class="App\Poker\Hands\ThreeOfAKindTest" classname="App.Poker.Hands.ThreeOfAKindTest" file="/home/atb/dbwebb-kurser/mvc/me/report/tests/Poker/Hands/ThreeOfAKindTest.php" line="16" assertions="1" time="0.000339"/>
        <testcase name="testRank" class="App\Poker\Hands\ThreeOfAKindTest" classname="App.Poker.Hands.ThreeOfAKindTest" file="/home/atb/dbwebb-kurser/mvc/me/report/tests/Poker/Hands/ThreeOfAKindTest.php" line="25" assertions="2" time="0.000282"/>
        <testcase name="testEqualsAndValue" class="App\Poker\Hands\ThreeOfAKindTest" classname="App.Poker.Hands.ThreeOfAKindTest" file="/home/atb/dbwebb-kurser/mvc/me/report/tests/Poker/Hands/ThreeOfAKindTest.php" line="36" assertions="10" time="0.000735"/>
        <testcase name="testToString" class="App\Poker\Hands\ThreeOfAKindTest" classname="App.Poker.Hands.ThreeOfAKindTest" file="/home/atb/dbwebb-kurser/mvc/me/report/tests/Poker/Hands/ThreeOfAKindTest.php" line="94" assertions="1" time="0.000431"/>
      </testsuite>
      <testsuite name="App\Poker\Hands\TwoPairsTest" file="/home/atb/dbwebb-kurser/mvc/me/report/tests/Poker/Hands/TwoPairsTest.php" tests="4" assertions="16" errors="0" warnings="0" failures="0" skipped="0" time="0.001861">
        <testcase name="testConstruct" class="App\Poker\Hands\TwoPairsTest" classname="App.Poker.Hands.TwoPairsTest" file="/home/atb/dbwebb-kurser/mvc/me/report/tests/Poker/Hands/TwoPairsTest.php" line="16" assertions="1" time="0.000270"/>
        <testcase name="testRank" class="App\Poker\Hands\TwoPairsTest" classname="App.Poker.Hands.TwoPairsTest" file="/home/atb/dbwebb-kurser/mvc/me/report/tests/Poker/Hands/TwoPairsTest.php" line="25" assertions="2" time="0.000286"/>
        <testcase name="testEqualsAndValue" class="App\Poker\Hands\TwoPairsTest" classname="App.Poker.Hands.TwoPairsTest" file="/home/atb/dbwebb-kurser/mvc/me/report/tests/Poker/Hands/TwoPairsTest.php" line="36" assertions="12" time="0.000831"/>
        <testcase name="testToString" class="App\Poker\Hands\TwoPairsTest" classname="App.Poker.Hands.TwoPairsTest" file="/home/atb/dbwebb-kurser/mvc/me/report/tests/Poker/Hands/TwoPairsTest.php" line="105" assertions="1" time="0.000474"/>
      </testsuite>
      <testsuite name="App\Poker\PlayerBankTest" file="/home/atb/dbwebb-kurser/mvc/me/report/tests/Poker/PlayerBankTest.php" tests="4" assertions="7" errors="0" warnings="0" failures="0" skipped="0" time="0.001200">
        <testcase name="testConstruct" class="App\Poker\PlayerBankTest" classname="App.Poker.PlayerBankTest" file="/home/atb/dbwebb-kurser/mvc/me/report/tests/Poker/PlayerBankTest.php" line="14" assertions="2" time="0.000337"/>
        <testcase name="testPlace" class="App\Poker\PlayerBankTest" classname="App.Poker.PlayerBankTest" file="/home/atb/dbwebb-kurser/mvc/me/report/tests/Poker/PlayerBankTest.php" line="24" assertions="2" time="0.000299"/>
        <testcase name="testGain" class="App\Poker\PlayerBankTest" classname="App.Poker.PlayerBankTest" file="/home/atb/dbwebb-kurser/mvc/me/report/tests/Poker/PlayerBankTest.php" line="41" assertions="2" time="0.000261"/>
        <testcase name="testToString" class="App\Poker\PlayerBankTest" classname="App.Poker.PlayerBankTest" file="/home/atb/dbwebb-kurser/mvc/me/report/tests/Poker/PlayerBankTest.php" line="58" assertions="1" time="0.000303"/>
      </testsuite>
      <testsuite name="App\Poker\PlayerHandTest" file="/home/atb/dbwebb-kurser/mvc/me/report/tests/Poker/PlayerHandTest.php" tests="6" assertions="23" errors="0" warnings="0" failures="0" skipped="0" time="0.001980">
        <testcase name="testConstruct" class="App\Poker\PlayerHandTest" classname="App.Poker.PlayerHandTest" file="/home/atb/dbwebb-kurser/mvc/me/report/tests/Poker/PlayerHandTest.php" line="16" assertions="1" time="0.000247"/>
        <testcase name="testRemoveAndAddCard" class="App\Poker\PlayerHandTest" classname="App.Poker.PlayerHandTest" file="/home/atb/dbwebb-kurser/mvc/me/report/tests/Poker/PlayerHandTest.php" line="25" assertions="7" time="0.000425"/>
        <testcase name="testGetCard" class="App\Poker\PlayerHandTest" classname="App.Poker.PlayerHandTest" file="/home/atb/dbwebb-kurser/mvc/me/report/tests/Poker/PlayerHandTest.php" line="62" assertions="6" time="0.000328"/>
        <testcase name="testGetHand" class="App\Poker\PlayerHandTest" classname="App.Poker.PlayerHandTest" file="/home/atb/dbwebb-kurser/mvc/me/report/tests/Poker/PlayerHandTest.php" line="81" assertions="6" time="0.000329"/>
        <testcase name="testReset" class="App\Poker\PlayerHandTest" classname="App.Poker.PlayerHandTest" file="/home/atb/dbwebb-kurser/mvc/me/report/tests/Poker/PlayerHandTest.php" line="104" assertions="2" time="0.000309"/>
        <testcase name="testToString" class="App\Poker\PlayerHandTest" classname="App.Poker.PlayerHandTest" file="/home/atb/dbwebb-kurser/mvc/me/report/tests/Poker/PlayerHandTest.php" line="120" assertions="1" time="0.000342"/>
      </testsuite>
      <testsuite name="App\Poker\PlayerTest" file="/home/atb/dbwebb-kurser/mvc/me/report/tests/Poker/PlayerTest.php" tests="8" assertions="31" errors="0" warnings="0" failures="0" skipped="0" time="0.007067">
        <testcase name="testConstruct" class="App\Poker\PlayerTest" classname="App.Poker.PlayerTest" file="/home/atb/dbwebb-kurser/mvc/me/report/tests/Poker/PlayerTest.php" line="18" assertions="6" time="0.000322"/>
        <testcase name="testPlaceBet" class="App\Poker\PlayerTest" classname="App.Poker.PlayerTest" file="/home/atb/dbwebb-kurser/mvc/me/report/tests/Poker/PlayerTest.php" line="34" assertions="6" time="0.000357"/>
        <testcase name="testSetCurrentPokerHand" class="App\Poker\PlayerTest" classname="App.Poker.PlayerTest" file="/home/atb/dbwebb-kurser/mvc/me/report/tests/Poker/PlayerTest.php" line="62" assertions="8" time="0.003866"/>
        <testcase name="testReset" class="App\Poker\PlayerTest" classname="App.Poker.PlayerTest" file="/home/atb/dbwebb-kurser/mvc/me/report/tests/Poker/PlayerTest.php" line="163" assertions="6" time="0.000633"/>
        <testcase name="testGetRank" class="App\Poker\PlayerTest" classname="App.Poker.PlayerTest" file="/home/atb/dbwebb-kurser/mvc/me/report/tests/Poker/PlayerTest.php" line="189" assertions="1" time="0.000601"/>
        <testcase name="testGetValue" class="App\Poker\PlayerTest" classname="App.Poker.PlayerTest" file="/home/atb/dbwebb-kurser/mvc/me/report/tests/Poker/PlayerTest.php" line="206" assertions="1" time="0.000579"/>
        <testcase name="testIsEqual" class="App\Poker\PlayerTest" classname="App.Poker.PlayerTest" file="/home/atb/dbwebb-kurser/mvc/me/report/tests/Poker/PlayerTest.php" line="223" assertions="2" time="0.000415"/>
        <testcase name="testToString" class="App\Poker\PlayerTest" classname="App.Poker.PlayerTest" file="/home/atb/dbwebb-kurser/mvc/me/report/tests/Poker/PlayerTest.php" line="235" assertions="1" time="0.000294"/>
      </testsuite>
    </testsuite>
  </testsuite>
</testsuites>
