<?xml version="1.0" encoding="UTF-8"?>
<testsuites>
  <testsuite name="" tests="101" assertions="415" errors="0" warnings="0" failures="0" skipped="0" time="0.151951">
    <testsuite name="Project Test Suite" tests="101" assertions="415" errors="0" warnings="0" failures="0" skipped="0" time="0.151951">
      <testsuite name="App\CardGame\CardDeckTest" file="/home/atb/dbwebb-kurser/mvc/me/report/tests/CardGame/CardDeckTest.php" tests="12" assertions="126" errors="0" warnings="0" failures="0" skipped="0" time="0.079819">
        <testcase name="testConstruct" class="App\CardGame\CardDeckTest" classname="App.CardGame.CardDeckTest" file="/home/atb/dbwebb-kurser/mvc/me/report/tests/CardGame/CardDeckTest.php" line="15" assertions="2" time="0.008918"/>
        <testcase name="testResetDeck" class="App\CardGame\CardDeckTest" classname="App.CardGame.CardDeckTest" file="/home/atb/dbwebb-kurser/mvc/me/report/tests/CardGame/CardDeckTest.php" line="25" assertions="53" time="0.002468"/>
        <testcase name="testRemoveCard" class="App\CardGame\CardDeckTest" classname="App.CardGame.CardDeckTest" file="/home/atb/dbwebb-kurser/mvc/me/report/tests/CardGame/CardDeckTest.php" line="42" assertions="1" time="0.001087"/>
        <testcase name="testCardInDeck" class="App\CardGame\CardDeckTest" classname="App.CardGame.CardDeckTest" file="/home/atb/dbwebb-kurser/mvc/me/report/tests/CardGame/CardDeckTest.php" line="55" assertions="1" time="0.002039"/>
        <testcase name="testDrawCard" class="App\CardGame\CardDeckTest" classname="App.CardGame.CardDeckTest" file="/home/atb/dbwebb-kurser/mvc/me/report/tests/CardGame/CardDeckTest.php" line="71" assertions="4" time="0.002565"/>
        <testcase name="testDrawMultipleCards" class="App\CardGame\CardDeckTest" classname="App.CardGame.CardDeckTest" file="/home/atb/dbwebb-kurser/mvc/me/report/tests/CardGame/CardDeckTest.php" line="94" assertions="4" time="0.002964"/>
        <testcase name="testShuffle" class="App\CardGame\CardDeckTest" classname="App.CardGame.CardDeckTest" file="/home/atb/dbwebb-kurser/mvc/me/report/tests/CardGame/CardDeckTest.php" line="118" assertions="2" time="0.051564"/>
        <testcase name="testGetAll" class="App\CardGame\CardDeckTest" classname="App.CardGame.CardDeckTest" file="/home/atb/dbwebb-kurser/mvc/me/report/tests/CardGame/CardDeckTest.php" line="133" assertions="53" time="0.001248"/>
        <testcase name="testGetAllSorted" class="App\CardGame\CardDeckTest" classname="App.CardGame.CardDeckTest" file="/home/atb/dbwebb-kurser/mvc/me/report/tests/CardGame/CardDeckTest.php" line="153" assertions="2" time="0.004831"/>
        <testcase name="testShowAll" class="App\CardGame\CardDeckTest" classname="App.CardGame.CardDeckTest" file="/home/atb/dbwebb-kurser/mvc/me/report/tests/CardGame/CardDeckTest.php" line="172" assertions="1" time="0.000731"/>
        <testcase name="testGetCardAt" class="App\CardGame\CardDeckTest" classname="App.CardGame.CardDeckTest" file="/home/atb/dbwebb-kurser/mvc/me/report/tests/CardGame/CardDeckTest.php" line="182" assertions="2" time="0.000692"/>
        <testcase name="testToString" class="App\CardGame\CardDeckTest" classname="App.CardGame.CardDeckTest" file="/home/atb/dbwebb-kurser/mvc/me/report/tests/CardGame/CardDeckTest.php" line="196" assertions="1" time="0.000712"/>
      </testsuite>
      <testsuite name="App\CardGame\CardGraphicTest" file="/home/atb/dbwebb-kurser/mvc/me/report/tests/CardGame/CardGraphicTest.php" tests="5" assertions="27" errors="0" warnings="0" failures="0" skipped="0" time="0.001734">
        <testcase name="testConstruct" class="App\CardGame\CardGraphicTest" classname="App.CardGame.CardGraphicTest" file="/home/atb/dbwebb-kurser/mvc/me/report/tests/CardGame/CardGraphicTest.php" line="15" assertions="1" time="0.000298"/>
        <testcase name="testSuits" class="App\CardGame\CardGraphicTest" classname="App.CardGame.CardGraphicTest" file="/home/atb/dbwebb-kurser/mvc/me/report/tests/CardGame/CardGraphicTest.php" line="24" assertions="8" time="0.000347"/>
        <testcase name="testNumbers" class="App\CardGame\CardGraphicTest" classname="App.CardGame.CardGraphicTest" file="/home/atb/dbwebb-kurser/mvc/me/report/tests/CardGame/CardGraphicTest.php" line="50" assertions="13" time="0.000485"/>
        <testcase name="testValues" class="App\CardGame\CardGraphicTest" classname="App.CardGame.CardGraphicTest" file="/home/atb/dbwebb-kurser/mvc/me/report/tests/CardGame/CardGraphicTest.php" line="82" assertions="4" time="0.000312"/>
        <testcase name="testToString" class="App\CardGame\CardGraphicTest" classname="App.CardGame.CardGraphicTest" file="/home/atb/dbwebb-kurser/mvc/me/report/tests/CardGame/CardGraphicTest.php" line="98" assertions="1" time="0.000292"/>
      </testsuite>
      <testsuite name="App\CardGame\CardHandTest" file="/home/atb/dbwebb-kurser/mvc/me/report/tests/CardGame/CardHandTest.php" tests="6" assertions="19" errors="0" warnings="0" failures="0" skipped="0" time="0.002677">
        <testcase name="testConstruct" class="App\CardGame\CardHandTest" classname="App.CardGame.CardHandTest" file="/home/atb/dbwebb-kurser/mvc/me/report/tests/CardGame/CardHandTest.php" line="15" assertions="2" time="0.000681"/>
        <testcase name="testCardAdd" class="App\CardGame\CardHandTest" classname="App.CardGame.CardHandTest" file="/home/atb/dbwebb-kurser/mvc/me/report/tests/CardGame/CardHandTest.php" line="25" assertions="4" time="0.000358"/>
        <testcase name="testSumOfCards" class="App\CardGame\CardHandTest" classname="App.CardGame.CardHandTest" file="/home/atb/dbwebb-kurser/mvc/me/report/tests/CardGame/CardHandTest.php" line="41" assertions="4" time="0.000473"/>
        <testcase name="testGetAllValues" class="App\CardGame\CardHandTest" classname="App.CardGame.CardHandTest" file="/home/atb/dbwebb-kurser/mvc/me/report/tests/CardGame/CardHandTest.php" line="84" assertions="6" time="0.000374"/>
        <testcase name="testGetCardAt" class="App\CardGame\CardHandTest" classname="App.CardGame.CardHandTest" file="/home/atb/dbwebb-kurser/mvc/me/report/tests/CardGame/CardHandTest.php" line="106" assertions="1" time="0.000453"/>
        <testcase name="testToString" class="App\CardGame\CardHandTest" classname="App.CardGame.CardHandTest" file="/home/atb/dbwebb-kurser/mvc/me/report/tests/CardGame/CardHandTest.php" line="120" assertions="2" time="0.000338"/>
      </testsuite>
      <testsuite name="App\CardGame\CardTest" file="/home/atb/dbwebb-kurser/mvc/me/report/tests/CardGame/CardTest.php" tests="4" assertions="6" errors="0" warnings="0" failures="0" skipped="0" time="0.001582">
        <testcase name="testConstruct" class="App\CardGame\CardTest" classname="App.CardGame.CardTest" file="/home/atb/dbwebb-kurser/mvc/me/report/tests/CardGame/CardTest.php" line="15" assertions="1" time="0.000294"/>
        <testcase name="testValues" class="App\CardGame\CardTest" classname="App.CardGame.CardTest" file="/home/atb/dbwebb-kurser/mvc/me/report/tests/CardGame/CardTest.php" line="24" assertions="2" time="0.000297"/>
        <testcase name="testIsEqual" class="App\CardGame\CardTest" classname="App.CardGame.CardTest" file="/home/atb/dbwebb-kurser/mvc/me/report/tests/CardGame/CardTest.php" line="35" assertions="2" time="0.000723"/>
        <testcase name="testToString" class="App\CardGame\CardTest" classname="App.CardGame.CardTest" file="/home/atb/dbwebb-kurser/mvc/me/report/tests/CardGame/CardTest.php" line="47" assertions="1" time="0.000269"/>
      </testsuite>
      <testsuite name="App\Dice\DiceTest" file="/home/atb/dbwebb-kurser/mvc/me/report/tests/Dice/DiceTest.php" tests="2" assertions="3" errors="0" warnings="0" failures="0" skipped="0" time="0.012427">
        <testcase name="testCreateDice" class="App\Dice\DiceTest" classname="App.Dice.DiceTest" file="/home/atb/dbwebb-kurser/mvc/me/report/tests/Dice/DiceTest.php" line="16" assertions="2" time="0.001663"/>
        <testcase name="testStubRollDiceLastRoll" class="App\Dice\DiceTest" classname="App.Dice.DiceTest" file="/home/atb/dbwebb-kurser/mvc/me/report/tests/Dice/DiceTest.php" line="28" assertions="1" time="0.010764"/>
      </testsuite>
      <testsuite name="App\Poker\GameboardTest" file="/home/atb/dbwebb-kurser/mvc/me/report/tests/Poker/GameboardTest.php" tests="9" assertions="24" errors="0" warnings="0" failures="0" skipped="0" time="0.024098">
        <testcase name="testConstruct" class="App\Poker\GameboardTest" classname="App.Poker.GameboardTest" file="/home/atb/dbwebb-kurser/mvc/me/report/tests/Poker/GameboardTest.php" line="16" assertions="1" time="0.000805"/>
        <testcase name="testStart" class="App\Poker\GameboardTest" classname="App.Poker.GameboardTest" file="/home/atb/dbwebb-kurser/mvc/me/report/tests/Poker/GameboardTest.php" line="25" assertions="3" time="0.002391"/>
        <testcase name="testAddPlayer" class="App\Poker\GameboardTest" classname="App.Poker.GameboardTest" file="/home/atb/dbwebb-kurser/mvc/me/report/tests/Poker/GameboardTest.php" line="39" assertions="4" time="0.001358"/>
        <testcase name="testDraw" class="App\Poker\GameboardTest" classname="App.Poker.GameboardTest" file="/home/atb/dbwebb-kurser/mvc/me/report/tests/Poker/GameboardTest.php" line="62" assertions="2" time="0.003491"/>
        <testcase name="testRemove" class="App\Poker\GameboardTest" classname="App.Poker.GameboardTest" file="/home/atb/dbwebb-kurser/mvc/me/report/tests/Poker/GameboardTest.php" line="80" assertions="2" time="0.001941"/>
        <testcase name="testEndRound" class="App\Poker\GameboardTest" classname="App.Poker.GameboardTest" file="/home/atb/dbwebb-kurser/mvc/me/report/tests/Poker/GameboardTest.php" line="98" assertions="2" time="0.004817"/>
        <testcase name="testPlaceBet" class="App\Poker\GameboardTest" classname="App.Poker.GameboardTest" file="/home/atb/dbwebb-kurser/mvc/me/report/tests/Poker/GameboardTest.php" line="123" assertions="3" time="0.001275"/>
        <testcase name="testReset" class="App\Poker\GameboardTest" classname="App.Poker.GameboardTest" file="/home/atb/dbwebb-kurser/mvc/me/report/tests/Poker/GameboardTest.php" line="141" assertions="6" time="0.006828"/>
        <testcase name="testToString" class="App\Poker\GameboardTest" classname="App.Poker.GameboardTest" file="/home/atb/dbwebb-kurser/mvc/me/report/tests/Poker/GameboardTest.php" line="172" assertions="1" time="0.001192"/>
      </testsuite>
      <testsuite name="App\Poker\Hands\DefaultHandTest" file="/home/atb/dbwebb-kurser/mvc/me/report/tests/Poker/Hands/DefaultHandTest.php" tests="5" assertions="7" errors="0" warnings="0" failures="0" skipped="0" time="0.001356">
        <testcase name="testConstruct" class="App\Poker\Hands\DefaultHandTest" classname="App.Poker.Hands.DefaultHandTest" file="/home/atb/dbwebb-kurser/mvc/me/report/tests/Poker/Hands/DefaultHandTest.php" line="13" assertions="1" time="0.000277"/>
        <testcase name="testRank" class="App\Poker\Hands\DefaultHandTest" classname="App.Poker.Hands.DefaultHandTest" file="/home/atb/dbwebb-kurser/mvc/me/report/tests/Poker/Hands/DefaultHandTest.php" line="22" assertions="2" time="0.000272"/>
        <testcase name="testValue" class="App\Poker\Hands\DefaultHandTest" classname="App.Poker.Hands.DefaultHandTest" file="/home/atb/dbwebb-kurser/mvc/me/report/tests/Poker/Hands/DefaultHandTest.php" line="33" assertions="2" time="0.000265"/>
        <testcase name="testCountCards" class="App\Poker\Hands\DefaultHandTest" classname="App.Poker.Hands.DefaultHandTest" file="/home/atb/dbwebb-kurser/mvc/me/report/tests/Poker/Hands/DefaultHandTest.php" line="44" assertions="1" time="0.000272"/>
        <testcase name="testToString" class="App\Poker\Hands\DefaultHandTest" classname="App.Poker.Hands.DefaultHandTest" file="/home/atb/dbwebb-kurser/mvc/me/report/tests/Poker/Hands/DefaultHandTest.php" line="54" assertions="1" time="0.000270"/>
      </testsuite>
      <testsuite name="App\Poker\Hands\FiveOfAKindTest" file="/home/atb/dbwebb-kurser/mvc/me/report/tests/Poker/Hands/FiveOfAKindTest.php" tests="4" assertions="14" errors="0" warnings="0" failures="0" skipped="0" time="0.001630">
        <testcase name="testConstruct" class="App\Poker\Hands\FiveOfAKindTest" classname="App.Poker.Hands.FiveOfAKindTest" file="/home/atb/dbwebb-kurser/mvc/me/report/tests/Poker/Hands/FiveOfAKindTest.php" line="16" assertions="1" time="0.000265"/>
        <testcase name="testRank" class="App\Poker\Hands\FiveOfAKindTest" classname="App.Poker.Hands.FiveOfAKindTest" file="/home/atb/dbwebb-kurser/mvc/me/report/tests/Poker/Hands/FiveOfAKindTest.php" line="25" assertions="2" time="0.000261"/>
        <testcase name="testEqualsAndValue" class="App\Poker\Hands\FiveOfAKindTest" classname="App.Poker.Hands.FiveOfAKindTest" file="/home/atb/dbwebb-kurser/mvc/me/report/tests/Poker/Hands/FiveOfAKindTest.php" line="36" assertions="10" time="0.000716"/>
        <testcase name="testToString" class="App\Poker\Hands\FiveOfAKindTest" classname="App.Poker.Hands.FiveOfAKindTest" file="/home/atb/dbwebb-kurser/mvc/me/report/tests/Poker/Hands/FiveOfAKindTest.php" line="94" assertions="1" time="0.000389"/>
      </testsuite>
      <testsuite name="App\Poker\Hands\FlushTest" file="/home/atb/dbwebb-kurser/mvc/me/report/tests/Poker/Hands/FlushTest.php" tests="4" assertions="14" errors="0" warnings="0" failures="0" skipped="0" time="0.001723">
        <testcase name="testConstruct" class="App\Poker\Hands\FlushTest" classname="App.Poker.Hands.FlushTest" file="/home/atb/dbwebb-kurser/mvc/me/report/tests/Poker/Hands/FlushTest.php" line="16" assertions="1" time="0.000273"/>
        <testcase name="testRank" class="App\Poker\Hands\FlushTest" classname="App.Poker.Hands.FlushTest" file="/home/atb/dbwebb-kurser/mvc/me/report/tests/Poker/Hands/FlushTest.php" line="25" assertions="2" time="0.000282"/>
        <testcase name="testEqualsAndValue" class="App\Poker\Hands\FlushTest" classname="App.Poker.Hands.FlushTest" file="/home/atb/dbwebb-kurser/mvc/me/report/tests/Poker/Hands/FlushTest.php" line="36" assertions="10" time="0.000762"/>
        <testcase name="testToString" class="App\Poker\Hands\FlushTest" classname="App.Poker.Hands.FlushTest" file="/home/atb/dbwebb-kurser/mvc/me/report/tests/Poker/Hands/FlushTest.php" line="94" assertions="1" time="0.000406"/>
      </testsuite>
      <testsuite name="App\Poker\Hands\FourOfAKindTest" file="/home/atb/dbwebb-kurser/mvc/me/report/tests/Poker/Hands/FourOfAKindTest.php" tests="4" assertions="14" errors="0" warnings="0" failures="0" skipped="0" time="0.001617">
        <testcase name="testConstruct" class="App\Poker\Hands\FourOfAKindTest" classname="App.Poker.Hands.FourOfAKindTest" file="/home/atb/dbwebb-kurser/mvc/me/report/tests/Poker/Hands/FourOfAKindTest.php" line="16" assertions="1" time="0.000267"/>
        <testcase name="testRank" class="App\Poker\Hands\FourOfAKindTest" classname="App.Poker.Hands.FourOfAKindTest" file="/home/atb/dbwebb-kurser/mvc/me/report/tests/Poker/Hands/FourOfAKindTest.php" line="25" assertions="2" time="0.000269"/>
        <testcase name="testEqualsAndValue" class="App\Poker\Hands\FourOfAKindTest" classname="App.Poker.Hands.FourOfAKindTest" file="/home/atb/dbwebb-kurser/mvc/me/report/tests/Poker/Hands/FourOfAKindTest.php" line="36" assertions="10" time="0.000689"/>
        <testcase name="testToString" class="App\Poker\Hands\FourOfAKindTest" classname="App.Poker.Hands.FourOfAKindTest" file="/home/atb/dbwebb-kurser/mvc/me/report/tests/Poker/Hands/FourOfAKindTest.php" line="94" assertions="1" time="0.000392"/>
      </testsuite>
      <testsuite name="App\Poker\Hands\FullHouseTest" file="/home/atb/dbwebb-kurser/mvc/me/report/tests/Poker/Hands/FullHouseTest.php" tests="4" assertions="14" errors="0" warnings="0" failures="0" skipped="0" time="0.001710">
        <testcase name="testConstruct" class="App\Poker\Hands\FullHouseTest" classname="App.Poker.Hands.FullHouseTest" file="/home/atb/dbwebb-kurser/mvc/me/report/tests/Poker/Hands/FullHouseTest.php" line="16" assertions="1" time="0.000318"/>
        <testcase name="testRank" class="App\Poker\Hands\FullHouseTest" classname="App.Poker.Hands.FullHouseTest" file="/home/atb/dbwebb-kurser/mvc/me/report/tests/Poker/Hands/FullHouseTest.php" line="25" assertions="2" time="0.000282"/>
        <testcase name="testEqualsAndValue" class="App\Poker\Hands\FullHouseTest" classname="App.Poker.Hands.FullHouseTest" file="/home/atb/dbwebb-kurser/mvc/me/report/tests/Poker/Hands/FullHouseTest.php" line="36" assertions="10" time="0.000697"/>
        <testcase name="testToString" class="App\Poker\Hands\FullHouseTest" classname="App.Poker.Hands.FullHouseTest" file="/home/atb/dbwebb-kurser/mvc/me/report/tests/Poker/Hands/FullHouseTest.php" line="94" assertions="1" time="0.000413"/>
      </testsuite>
      <testsuite name="App\Poker\Hands\HighCardTest" file="/home/atb/dbwebb-kurser/mvc/me/report/tests/Poker/Hands/HighCardTest.php" tests="4" assertions="10" errors="0" warnings="0" failures="0" skipped="0" time="0.001588">
        <testcase name="testConstruct" class="App\Poker\Hands\HighCardTest" classname="App.Poker.Hands.HighCardTest" file="/home/atb/dbwebb-kurser/mvc/me/report/tests/Poker/Hands/HighCardTest.php" line="16" assertions="1" time="0.000281"/>
        <testcase name="testRank" class="App\Poker\Hands\HighCardTest" classname="App.Poker.Hands.HighCardTest" file="/home/atb/dbwebb-kurser/mvc/me/report/tests/Poker/Hands/HighCardTest.php" line="25" assertions="2" time="0.000267"/>
        <testcase name="testEqualsAndValue" class="App\Poker\Hands\HighCardTest" classname="App.Poker.Hands.HighCardTest" file="/home/atb/dbwebb-kurser/mvc/me/report/tests/Poker/Hands/HighCardTest.php" line="36" assertions="6" time="0.000481"/>
        <testcase name="testToString" class="App\Poker\Hands\HighCardTest" classname="App.Poker.Hands.HighCardTest" file="/home/atb/dbwebb-kurser/mvc/me/report/tests/Poker/Hands/HighCardTest.php" line="72" assertions="1" time="0.000559"/>
      </testsuite>
      <testsuite name="App\Poker\Hands\OnePairTest" file="/home/atb/dbwebb-kurser/mvc/me/report/tests/Poker/Hands/OnePairTest.php" tests="4" assertions="12" errors="0" warnings="0" failures="0" skipped="0" time="0.001619">
        <testcase name="testConstruct" class="App\Poker\Hands\OnePairTest" classname="App.Poker.Hands.OnePairTest" file="/home/atb/dbwebb-kurser/mvc/me/report/tests/Poker/Hands/OnePairTest.php" line="16" assertions="1" time="0.000296"/>
        <testcase name="testRank" class="App\Poker\Hands\OnePairTest" classname="App.Poker.Hands.OnePairTest" file="/home/atb/dbwebb-kurser/mvc/me/report/tests/Poker/Hands/OnePairTest.php" line="25" assertions="2" time="0.000302"/>
        <testcase name="testEqualsAndValue" class="App\Poker\Hands\OnePairTest" classname="App.Poker.Hands.OnePairTest" file="/home/atb/dbwebb-kurser/mvc/me/report/tests/Poker/Hands/OnePairTest.php" line="36" assertions="8" time="0.000630"/>
        <testcase name="testToString" class="App\Poker\Hands\OnePairTest" classname="App.Poker.Hands.OnePairTest" file="/home/atb/dbwebb-kurser/mvc/me/report/tests/Poker/Hands/OnePairTest.php" line="83" assertions="1" time="0.000391"/>
      </testsuite>
      <testsuite name="App\Poker\Hands\StraightFlushTest" file="/home/atb/dbwebb-kurser/mvc/me/report/tests/Poker/Hands/StraightFlushTest.php" tests="4" assertions="16" errors="0" warnings="0" failures="0" skipped="0" time="0.001882">
        <testcase name="testConstruct" class="App\Poker\Hands\StraightFlushTest" classname="App.Poker.Hands.StraightFlushTest" file="/home/atb/dbwebb-kurser/mvc/me/report/tests/Poker/Hands/StraightFlushTest.php" line="16" assertions="1" time="0.000263"/>
        <testcase name="testRank" class="App\Poker\Hands\StraightFlushTest" classname="App.Poker.Hands.StraightFlushTest" file="/home/atb/dbwebb-kurser/mvc/me/report/tests/Poker/Hands/StraightFlushTest.php" line="25" assertions="2" time="0.000272"/>
        <testcase name="testEqualsAndValue" class="App\Poker\Hands\StraightFlushTest" classname="App.Poker.Hands.StraightFlushTest" file="/home/atb/dbwebb-kurser/mvc/me/report/tests/Poker/Hands/StraightFlushTest.php" line="36" assertions="12" time="0.000922"/>
        <testcase name="testToString" class="App\Poker\Hands\StraightFlushTest" classname="App.Poker.Hands.StraightFlushTest" file="/home/atb/dbwebb-kurser/mvc/me/report/tests/Poker/Hands/StraightFlushTest.php" line="105" assertions="1" time="0.000424"/>
      </testsuite>
      <testsuite name="App\Poker\Hands\StraightTest" file="/home/atb/dbwebb-kurser/mvc/me/report/tests/Poker/Hands/StraightTest.php" tests="4" assertions="18" errors="0" warnings="0" failures="0" skipped="0" time="0.001929">
        <testcase name="testConstruct" class="App\Poker\Hands\StraightTest" classname="App.Poker.Hands.StraightTest" file="/home/atb/dbwebb-kurser/mvc/me/report/tests/Poker/Hands/StraightTest.php" line="16" assertions="1" time="0.000312"/>
        <testcase name="testRank" class="App\Poker\Hands\StraightTest" classname="App.Poker.Hands.StraightTest" file="/home/atb/dbwebb-kurser/mvc/me/report/tests/Poker/Hands/StraightTest.php" line="25" assertions="2" time="0.000278"/>
        <testcase name="testEqualsAndValue" class="App\Poker\Hands\StraightTest" classname="App.Poker.Hands.StraightTest" file="/home/atb/dbwebb-kurser/mvc/me/report/tests/Poker/Hands/StraightTest.php" line="36" assertions="14" time="0.000942"/>
        <testcase name="testToString" class="App\Poker\Hands\StraightTest" classname="App.Poker.Hands.StraightTest" file="/home/atb/dbwebb-kurser/mvc/me/report/tests/Poker/Hands/StraightTest.php" line="116" assertions="1" time="0.000397"/>
      </testsuite>
      <testsuite name="App\Poker\Hands\ThreeOfAKindTest" file="/home/atb/dbwebb-kurser/mvc/me/report/tests/Poker/Hands/ThreeOfAKindTest.php" tests="4" assertions="14" errors="0" warnings="0" failures="0" skipped="0" time="0.001859">
        <testcase name="testConstruct" class="App\Poker\Hands\ThreeOfAKindTest" classname="App.Poker.Hands.ThreeOfAKindTest" file="/home/atb/dbwebb-kurser/mvc/me/report/tests/Poker/Hands/ThreeOfAKindTest.php" line="16" assertions="1" time="0.000411"/>
        <testcase name="testRank" class="App\Poker\Hands\ThreeOfAKindTest" classname="App.Poker.Hands.ThreeOfAKindTest" file="/home/atb/dbwebb-kurser/mvc/me/report/tests/Poker/Hands/ThreeOfAKindTest.php" line="25" assertions="2" time="0.000299"/>
        <testcase name="testEqualsAndValue" class="App\Poker\Hands\ThreeOfAKindTest" classname="App.Poker.Hands.ThreeOfAKindTest" file="/home/atb/dbwebb-kurser/mvc/me/report/tests/Poker/Hands/ThreeOfAKindTest.php" line="36" assertions="10" time="0.000738"/>
        <testcase name="testToString" class="App\Poker\Hands\ThreeOfAKindTest" classname="App.Poker.Hands.ThreeOfAKindTest" file="/home/atb/dbwebb-kurser/mvc/me/report/tests/Poker/Hands/ThreeOfAKindTest.php" line="94" assertions="1" time="0.000411"/>
      </testsuite>
      <testsuite name="App\Poker\Hands\TwoPairsTest" file="/home/atb/dbwebb-kurser/mvc/me/report/tests/Poker/Hands/TwoPairsTest.php" tests="4" assertions="16" errors="0" warnings="0" failures="0" skipped="0" time="0.001722">
        <testcase name="testConstruct" class="App\Poker\Hands\TwoPairsTest" classname="App.Poker.Hands.TwoPairsTest" file="/home/atb/dbwebb-kurser/mvc/me/report/tests/Poker/Hands/TwoPairsTest.php" line="16" assertions="1" time="0.000301"/>
        <testcase name="testRank" class="App\Poker\Hands\TwoPairsTest" classname="App.Poker.Hands.TwoPairsTest" file="/home/atb/dbwebb-kurser/mvc/me/report/tests/Poker/Hands/TwoPairsTest.php" line="25" assertions="2" time="0.000260"/>
        <testcase name="testEqualsAndValue" class="App\Poker\Hands\TwoPairsTest" classname="App.Poker.Hands.TwoPairsTest" file="/home/atb/dbwebb-kurser/mvc/me/report/tests/Poker/Hands/TwoPairsTest.php" line="36" assertions="12" time="0.000766"/>
        <testcase name="testToString" class="App\Poker\Hands\TwoPairsTest" classname="App.Poker.Hands.TwoPairsTest" file="/home/atb/dbwebb-kurser/mvc/me/report/tests/Poker/Hands/TwoPairsTest.php" line="105" assertions="1" time="0.000395"/>
      </testsuite>
      <testsuite name="App\Poker\PlayerBankTest" file="/home/atb/dbwebb-kurser/mvc/me/report/tests/Poker/PlayerBankTest.php" tests="4" assertions="7" errors="0" warnings="0" failures="0" skipped="0" time="0.001079">
        <testcase name="testConstruct" class="App\Poker\PlayerBankTest" classname="App.Poker.PlayerBankTest" file="/home/atb/dbwebb-kurser/mvc/me/report/tests/Poker/PlayerBankTest.php" line="14" assertions="2" time="0.000269"/>
        <testcase name="testPlace" class="App\Poker\PlayerBankTest" classname="App.Poker.PlayerBankTest" file="/home/atb/dbwebb-kurser/mvc/me/report/tests/Poker/PlayerBankTest.php" line="24" assertions="2" time="0.000281"/>
        <testcase name="testGain" class="App\Poker\PlayerBankTest" classname="App.Poker.PlayerBankTest" file="/home/atb/dbwebb-kurser/mvc/me/report/tests/Poker/PlayerBankTest.php" line="41" assertions="2" time="0.000283"/>
        <testcase name="testToString" class="App\Poker\PlayerBankTest" classname="App.Poker.PlayerBankTest" file="/home/atb/dbwebb-kurser/mvc/me/report/tests/Poker/PlayerBankTest.php" line="58" assertions="1" time="0.000246"/>
      </testsuite>
      <testsuite name="App\Poker\PlayerHandTest" file="/home/atb/dbwebb-kurser/mvc/me/report/tests/Poker/PlayerHandTest.php" tests="6" assertions="23" errors="0" warnings="0" failures="0" skipped="0" time="0.002053">
        <testcase name="testConstruct" class="App\Poker\PlayerHandTest" classname="App.Poker.PlayerHandTest" file="/home/atb/dbwebb-kurser/mvc/me/report/tests/Poker/PlayerHandTest.php" line="16" assertions="1" time="0.000251"/>
        <testcase name="testRemoveAndAddCard" class="App\Poker\PlayerHandTest" classname="App.Poker.PlayerHandTest" file="/home/atb/dbwebb-kurser/mvc/me/report/tests/Poker/PlayerHandTest.php" line="25" assertions="7" time="0.000487"/>
        <testcase name="testGetCard" class="App\Poker\PlayerHandTest" classname="App.Poker.PlayerHandTest" file="/home/atb/dbwebb-kurser/mvc/me/report/tests/Poker/PlayerHandTest.php" line="62" assertions="6" time="0.000405"/>
        <testcase name="testGetHand" class="App\Poker\PlayerHandTest" classname="App.Poker.PlayerHandTest" file="/home/atb/dbwebb-kurser/mvc/me/report/tests/Poker/PlayerHandTest.php" line="81" assertions="6" time="0.000344"/>
        <testcase name="testReset" class="App\Poker\PlayerHandTest" classname="App.Poker.PlayerHandTest" file="/home/atb/dbwebb-kurser/mvc/me/report/tests/Poker/PlayerHandTest.php" line="104" assertions="2" time="0.000294"/>
        <testcase name="testToString" class="App\Poker\PlayerHandTest" classname="App.Poker.PlayerHandTest" file="/home/atb/dbwebb-kurser/mvc/me/report/tests/Poker/PlayerHandTest.php" line="120" assertions="1" time="0.000273"/>
      </testsuite>
      <testsuite name="App\Poker\PlayerTest" file="/home/atb/dbwebb-kurser/mvc/me/report/tests/Poker/PlayerTest.php" tests="8" assertions="31" errors="0" warnings="0" failures="0" skipped="0" time="0.007847">
        <testcase name="testConstruct" class="App\Poker\PlayerTest" classname="App.Poker.PlayerTest" file="/home/atb/dbwebb-kurser/mvc/me/report/tests/Poker/PlayerTest.php" line="18" assertions="6" time="0.000315"/>
        <testcase name="testPlaceBet" class="App\Poker\PlayerTest" classname="App.Poker.PlayerTest" file="/home/atb/dbwebb-kurser/mvc/me/report/tests/Poker/PlayerTest.php" line="34" assertions="6" time="0.000329"/>
        <testcase name="testSetCurrentPokerHand" class="App\Poker\PlayerTest" classname="App.Poker.PlayerTest" file="/home/atb/dbwebb-kurser/mvc/me/report/tests/Poker/PlayerTest.php" line="62" assertions="8" time="0.003890"/>
        <testcase name="testReset" class="App\Poker\PlayerTest" classname="App.Poker.PlayerTest" file="/home/atb/dbwebb-kurser/mvc/me/report/tests/Poker/PlayerTest.php" line="163" assertions="6" time="0.000655"/>
        <testcase name="testGetRank" class="App\Poker\PlayerTest" classname="App.Poker.PlayerTest" file="/home/atb/dbwebb-kurser/mvc/me/report/tests/Poker/PlayerTest.php" line="189" assertions="1" time="0.000589"/>
        <testcase name="testGetValue" class="App\Poker\PlayerTest" classname="App.Poker.PlayerTest" file="/home/atb/dbwebb-kurser/mvc/me/report/tests/Poker/PlayerTest.php" line="206" assertions="1" time="0.000836"/>
        <testcase name="testIsEqual" class="App\Poker\PlayerTest" classname="App.Poker.PlayerTest" file="/home/atb/dbwebb-kurser/mvc/me/report/tests/Poker/PlayerTest.php" line="223" assertions="2" time="0.000910"/>
        <testcase name="testToString" class="App\Poker\PlayerTest" classname="App.Poker.PlayerTest" file="/home/atb/dbwebb-kurser/mvc/me/report/tests/Poker/PlayerTest.php" line="235" assertions="1" time="0.000321"/>
      </testsuite>
    </testsuite>
  </testsuite>
</testsuites>
