<?xml version="1.0" encoding="UTF-8"?>
<testsuites>
  <testsuite name="" tests="100" assertions="407" errors="1" warnings="0" failures="1" skipped="0" time="0.178346">
    <testsuite name="Project Test Suite" tests="100" assertions="407" errors="1" warnings="0" failures="1" skipped="0" time="0.178346">
      <testsuite name="App\CardGame\CardDeckTest" file="/home/atb/dbwebb-kurser/mvc/me/report/tests/CardGame/CardDeckTest.php" tests="12" assertions="126" errors="0" warnings="0" failures="0" skipped="0" time="0.066370">
        <testcase name="testConstruct" class="App\CardGame\CardDeckTest" classname="App.CardGame.CardDeckTest" file="/home/atb/dbwebb-kurser/mvc/me/report/tests/CardGame/CardDeckTest.php" line="15" assertions="2" time="0.011440"/>
        <testcase name="testResetDeck" class="App\CardGame\CardDeckTest" classname="App.CardGame.CardDeckTest" file="/home/atb/dbwebb-kurser/mvc/me/report/tests/CardGame/CardDeckTest.php" line="25" assertions="53" time="0.001694"/>
        <testcase name="testRemoveCard" class="App\CardGame\CardDeckTest" classname="App.CardGame.CardDeckTest" file="/home/atb/dbwebb-kurser/mvc/me/report/tests/CardGame/CardDeckTest.php" line="42" assertions="1" time="0.000673"/>
        <testcase name="testCardInDeck" class="App\CardGame\CardDeckTest" classname="App.CardGame.CardDeckTest" file="/home/atb/dbwebb-kurser/mvc/me/report/tests/CardGame/CardDeckTest.php" line="55" assertions="1" time="0.001527"/>
        <testcase name="testDrawCard" class="App\CardGame\CardDeckTest" classname="App.CardGame.CardDeckTest" file="/home/atb/dbwebb-kurser/mvc/me/report/tests/CardGame/CardDeckTest.php" line="71" assertions="4" time="0.001959"/>
        <testcase name="testDrawMultipleCards" class="App\CardGame\CardDeckTest" classname="App.CardGame.CardDeckTest" file="/home/atb/dbwebb-kurser/mvc/me/report/tests/CardGame/CardDeckTest.php" line="94" assertions="4" time="0.001267"/>
        <testcase name="testShuffle" class="App\CardGame\CardDeckTest" classname="App.CardGame.CardDeckTest" file="/home/atb/dbwebb-kurser/mvc/me/report/tests/CardGame/CardDeckTest.php" line="118" assertions="2" time="0.033081"/>
        <testcase name="testGetAll" class="App\CardGame\CardDeckTest" classname="App.CardGame.CardDeckTest" file="/home/atb/dbwebb-kurser/mvc/me/report/tests/CardGame/CardDeckTest.php" line="133" assertions="53" time="0.001544"/>
        <testcase name="testGetAllSorted" class="App\CardGame\CardDeckTest" classname="App.CardGame.CardDeckTest" file="/home/atb/dbwebb-kurser/mvc/me/report/tests/CardGame/CardDeckTest.php" line="153" assertions="2" time="0.009383"/>
        <testcase name="testShowAll" class="App\CardGame\CardDeckTest" classname="App.CardGame.CardDeckTest" file="/home/atb/dbwebb-kurser/mvc/me/report/tests/CardGame/CardDeckTest.php" line="172" assertions="1" time="0.001379"/>
        <testcase name="testGetCardAt" class="App\CardGame\CardDeckTest" classname="App.CardGame.CardDeckTest" file="/home/atb/dbwebb-kurser/mvc/me/report/tests/CardGame/CardDeckTest.php" line="182" assertions="2" time="0.001130"/>
        <testcase name="testToString" class="App\CardGame\CardDeckTest" classname="App.CardGame.CardDeckTest" file="/home/atb/dbwebb-kurser/mvc/me/report/tests/CardGame/CardDeckTest.php" line="196" assertions="1" time="0.001293"/>
      </testsuite>
      <testsuite name="App\CardGame\CardGraphicTest" file="/home/atb/dbwebb-kurser/mvc/me/report/tests/CardGame/CardGraphicTest.php" tests="5" assertions="27" errors="0" warnings="0" failures="0" skipped="0" time="0.003901">
        <testcase name="testConstruct" class="App\CardGame\CardGraphicTest" classname="App.CardGame.CardGraphicTest" file="/home/atb/dbwebb-kurser/mvc/me/report/tests/CardGame/CardGraphicTest.php" line="15" assertions="1" time="0.000736"/>
        <testcase name="testSuits" class="App\CardGame\CardGraphicTest" classname="App.CardGame.CardGraphicTest" file="/home/atb/dbwebb-kurser/mvc/me/report/tests/CardGame/CardGraphicTest.php" line="24" assertions="8" time="0.000737"/>
        <testcase name="testNumbers" class="App\CardGame\CardGraphicTest" classname="App.CardGame.CardGraphicTest" file="/home/atb/dbwebb-kurser/mvc/me/report/tests/CardGame/CardGraphicTest.php" line="50" assertions="13" time="0.001225"/>
        <testcase name="testValues" class="App\CardGame\CardGraphicTest" classname="App.CardGame.CardGraphicTest" file="/home/atb/dbwebb-kurser/mvc/me/report/tests/CardGame/CardGraphicTest.php" line="82" assertions="4" time="0.000700"/>
        <testcase name="testToString" class="App\CardGame\CardGraphicTest" classname="App.CardGame.CardGraphicTest" file="/home/atb/dbwebb-kurser/mvc/me/report/tests/CardGame/CardGraphicTest.php" line="98" assertions="1" time="0.000504"/>
      </testsuite>
      <testsuite name="App\CardGame\CardHandTest" file="/home/atb/dbwebb-kurser/mvc/me/report/tests/CardGame/CardHandTest.php" tests="6" assertions="19" errors="0" warnings="0" failures="0" skipped="0" time="0.003387">
        <testcase name="testConstruct" class="App\CardGame\CardHandTest" classname="App.CardGame.CardHandTest" file="/home/atb/dbwebb-kurser/mvc/me/report/tests/CardGame/CardHandTest.php" line="15" assertions="2" time="0.001044"/>
        <testcase name="testCardAdd" class="App\CardGame\CardHandTest" classname="App.CardGame.CardHandTest" file="/home/atb/dbwebb-kurser/mvc/me/report/tests/CardGame/CardHandTest.php" line="25" assertions="4" time="0.000412"/>
        <testcase name="testSumOfCards" class="App\CardGame\CardHandTest" classname="App.CardGame.CardHandTest" file="/home/atb/dbwebb-kurser/mvc/me/report/tests/CardGame/CardHandTest.php" line="41" assertions="4" time="0.000588"/>
        <testcase name="testGetAllValues" class="App\CardGame\CardHandTest" classname="App.CardGame.CardHandTest" file="/home/atb/dbwebb-kurser/mvc/me/report/tests/CardGame/CardHandTest.php" line="84" assertions="6" time="0.000361"/>
        <testcase name="testGetCardAt" class="App\CardGame\CardHandTest" classname="App.CardGame.CardHandTest" file="/home/atb/dbwebb-kurser/mvc/me/report/tests/CardGame/CardHandTest.php" line="106" assertions="1" time="0.000483"/>
        <testcase name="testToString" class="App\CardGame\CardHandTest" classname="App.CardGame.CardHandTest" file="/home/atb/dbwebb-kurser/mvc/me/report/tests/CardGame/CardHandTest.php" line="120" assertions="2" time="0.000499"/>
      </testsuite>
      <testsuite name="App\CardGame\CardTest" file="/home/atb/dbwebb-kurser/mvc/me/report/tests/CardGame/CardTest.php" tests="4" assertions="6" errors="0" warnings="0" failures="0" skipped="0" time="0.001899">
        <testcase name="testConstruct" class="App\CardGame\CardTest" classname="App.CardGame.CardTest" file="/home/atb/dbwebb-kurser/mvc/me/report/tests/CardGame/CardTest.php" line="15" assertions="1" time="0.000435"/>
        <testcase name="testValues" class="App\CardGame\CardTest" classname="App.CardGame.CardTest" file="/home/atb/dbwebb-kurser/mvc/me/report/tests/CardGame/CardTest.php" line="24" assertions="2" time="0.000363"/>
        <testcase name="testIsEqual" class="App\CardGame\CardTest" classname="App.CardGame.CardTest" file="/home/atb/dbwebb-kurser/mvc/me/report/tests/CardGame/CardTest.php" line="35" assertions="2" time="0.000798"/>
        <testcase name="testToString" class="App\CardGame\CardTest" classname="App.CardGame.CardTest" file="/home/atb/dbwebb-kurser/mvc/me/report/tests/CardGame/CardTest.php" line="47" assertions="1" time="0.000303"/>
      </testsuite>
      <testsuite name="App\Dice\DiceTest" file="/home/atb/dbwebb-kurser/mvc/me/report/tests/Dice/DiceTest.php" tests="2" assertions="3" errors="0" warnings="0" failures="0" skipped="0" time="0.014249">
        <testcase name="testCreateDice" class="App\Dice\DiceTest" classname="App.Dice.DiceTest" file="/home/atb/dbwebb-kurser/mvc/me/report/tests/Dice/DiceTest.php" line="16" assertions="2" time="0.001599"/>
        <testcase name="testStubRollDiceLastRoll" class="App\Dice\DiceTest" classname="App.Dice.DiceTest" file="/home/atb/dbwebb-kurser/mvc/me/report/tests/Dice/DiceTest.php" line="28" assertions="1" time="0.012651"/>
      </testsuite>
      <testsuite name="App\Poker\GameboardTest" file="/home/atb/dbwebb-kurser/mvc/me/report/tests/Poker/GameboardTest.php" tests="8" assertions="16" errors="1" warnings="0" failures="1" skipped="0" time="0.057284">
        <testcase name="testConstruct" class="App\Poker\GameboardTest" classname="App.Poker.GameboardTest" file="/home/atb/dbwebb-kurser/mvc/me/report/tests/Poker/GameboardTest.php" line="16" assertions="1" time="0.000813"/>
        <testcase name="testStart" class="App\Poker\GameboardTest" classname="App.Poker.GameboardTest" file="/home/atb/dbwebb-kurser/mvc/me/report/tests/Poker/GameboardTest.php" line="25" assertions="3" time="0.004350"/>
        <testcase name="testAddPlayer" class="App\Poker\GameboardTest" classname="App.Poker.GameboardTest" file="/home/atb/dbwebb-kurser/mvc/me/report/tests/Poker/GameboardTest.php" line="39" assertions="4" time="0.002000">
          <system-out>Anton</system-out>
        </testcase>
        <testcase name="testDraw" class="App\Poker\GameboardTest" classname="App.Poker.GameboardTest" file="/home/atb/dbwebb-kurser/mvc/me/report/tests/Poker/GameboardTest.php" line="64" assertions="2" time="0.003567"/>
        <testcase name="testRemove" class="App\Poker\GameboardTest" classname="App.Poker.GameboardTest" file="/home/atb/dbwebb-kurser/mvc/me/report/tests/Poker/GameboardTest.php" line="82" assertions="2" time="0.004205"/>
        <testcase name="testEndRound" class="App\Poker\GameboardTest" classname="App.Poker.GameboardTest" file="/home/atb/dbwebb-kurser/mvc/me/report/tests/Poker/GameboardTest.php" line="100" assertions="3" time="0.014731">
          <failure type="PHPUnit\Framework\ExpectationFailedException">App\Poker\GameboardTest::testEndRound
Failed asserting that 0 matches expected 50.

/home/atb/dbwebb-kurser/mvc/me/report/tests/Poker/GameboardTest.php:120</failure>
        </testcase>
        <testcase name="testFinish" class="App\Poker\GameboardTest" classname="App.Poker.GameboardTest" file="/home/atb/dbwebb-kurser/mvc/me/report/tests/Poker/GameboardTest.php" line="136" assertions="0" time="0.025205">
          <error type="PHPUnit\Framework\Error\Warning">App\Poker\GameboardTest::testFinish
Undefined property: App\Poker\Gameboard::$gameWinner

/home/atb/dbwebb-kurser/mvc/me/report/tests/Poker/GameboardTest.php:152</error>
        </testcase>
        <testcase name="testToString" class="App\Poker\GameboardTest" classname="App.Poker.GameboardTest" file="/home/atb/dbwebb-kurser/mvc/me/report/tests/Poker/GameboardTest.php" line="161" assertions="1" time="0.002413"/>
      </testsuite>
      <testsuite name="App\Poker\Hands\DefaultHandTest" file="/home/atb/dbwebb-kurser/mvc/me/report/tests/Poker/Hands/DefaultHandTest.php" tests="5" assertions="7" errors="0" warnings="0" failures="0" skipped="0" time="0.002309">
        <testcase name="testConstruct" class="App\Poker\Hands\DefaultHandTest" classname="App.Poker.Hands.DefaultHandTest" file="/home/atb/dbwebb-kurser/mvc/me/report/tests/Poker/Hands/DefaultHandTest.php" line="13" assertions="1" time="0.000564"/>
        <testcase name="testRank" class="App\Poker\Hands\DefaultHandTest" classname="App.Poker.Hands.DefaultHandTest" file="/home/atb/dbwebb-kurser/mvc/me/report/tests/Poker/Hands/DefaultHandTest.php" line="22" assertions="2" time="0.000483"/>
        <testcase name="testValue" class="App\Poker\Hands\DefaultHandTest" classname="App.Poker.Hands.DefaultHandTest" file="/home/atb/dbwebb-kurser/mvc/me/report/tests/Poker/Hands/DefaultHandTest.php" line="33" assertions="2" time="0.000475"/>
        <testcase name="testCountCards" class="App\Poker\Hands\DefaultHandTest" classname="App.Poker.Hands.DefaultHandTest" file="/home/atb/dbwebb-kurser/mvc/me/report/tests/Poker/Hands/DefaultHandTest.php" line="44" assertions="1" time="0.000440"/>
        <testcase name="testToString" class="App\Poker\Hands\DefaultHandTest" classname="App.Poker.Hands.DefaultHandTest" file="/home/atb/dbwebb-kurser/mvc/me/report/tests/Poker/Hands/DefaultHandTest.php" line="54" assertions="1" time="0.000347"/>
      </testsuite>
      <testsuite name="App\Poker\Hands\FiveOfAKindTest" file="/home/atb/dbwebb-kurser/mvc/me/report/tests/Poker/Hands/FiveOfAKindTest.php" tests="4" assertions="14" errors="0" warnings="0" failures="0" skipped="0" time="0.002232">
        <testcase name="testConstruct" class="App\Poker\Hands\FiveOfAKindTest" classname="App.Poker.Hands.FiveOfAKindTest" file="/home/atb/dbwebb-kurser/mvc/me/report/tests/Poker/Hands/FiveOfAKindTest.php" line="16" assertions="1" time="0.000338"/>
        <testcase name="testRank" class="App\Poker\Hands\FiveOfAKindTest" classname="App.Poker.Hands.FiveOfAKindTest" file="/home/atb/dbwebb-kurser/mvc/me/report/tests/Poker/Hands/FiveOfAKindTest.php" line="25" assertions="2" time="0.000354"/>
        <testcase name="testEqualsAndValue" class="App\Poker\Hands\FiveOfAKindTest" classname="App.Poker.Hands.FiveOfAKindTest" file="/home/atb/dbwebb-kurser/mvc/me/report/tests/Poker/Hands/FiveOfAKindTest.php" line="36" assertions="10" time="0.000968"/>
        <testcase name="testToString" class="App\Poker\Hands\FiveOfAKindTest" classname="App.Poker.Hands.FiveOfAKindTest" file="/home/atb/dbwebb-kurser/mvc/me/report/tests/Poker/Hands/FiveOfAKindTest.php" line="94" assertions="1" time="0.000572"/>
      </testsuite>
      <testsuite name="App\Poker\Hands\FlushTest" file="/home/atb/dbwebb-kurser/mvc/me/report/tests/Poker/Hands/FlushTest.php" tests="4" assertions="14" errors="0" warnings="0" failures="0" skipped="0" time="0.001936">
        <testcase name="testConstruct" class="App\Poker\Hands\FlushTest" classname="App.Poker.Hands.FlushTest" file="/home/atb/dbwebb-kurser/mvc/me/report/tests/Poker/Hands/FlushTest.php" line="16" assertions="1" time="0.000284"/>
        <testcase name="testRank" class="App\Poker\Hands\FlushTest" classname="App.Poker.Hands.FlushTest" file="/home/atb/dbwebb-kurser/mvc/me/report/tests/Poker/Hands/FlushTest.php" line="25" assertions="2" time="0.000287"/>
        <testcase name="testEqualsAndValue" class="App\Poker\Hands\FlushTest" classname="App.Poker.Hands.FlushTest" file="/home/atb/dbwebb-kurser/mvc/me/report/tests/Poker/Hands/FlushTest.php" line="36" assertions="10" time="0.000708"/>
        <testcase name="testToString" class="App\Poker\Hands\FlushTest" classname="App.Poker.Hands.FlushTest" file="/home/atb/dbwebb-kurser/mvc/me/report/tests/Poker/Hands/FlushTest.php" line="94" assertions="1" time="0.000657"/>
      </testsuite>
      <testsuite name="App\Poker\Hands\FourOfAKindTest" file="/home/atb/dbwebb-kurser/mvc/me/report/tests/Poker/Hands/FourOfAKindTest.php" tests="4" assertions="14" errors="0" warnings="0" failures="0" skipped="0" time="0.001736">
        <testcase name="testConstruct" class="App\Poker\Hands\FourOfAKindTest" classname="App.Poker.Hands.FourOfAKindTest" file="/home/atb/dbwebb-kurser/mvc/me/report/tests/Poker/Hands/FourOfAKindTest.php" line="16" assertions="1" time="0.000307"/>
        <testcase name="testRank" class="App\Poker\Hands\FourOfAKindTest" classname="App.Poker.Hands.FourOfAKindTest" file="/home/atb/dbwebb-kurser/mvc/me/report/tests/Poker/Hands/FourOfAKindTest.php" line="25" assertions="2" time="0.000283"/>
        <testcase name="testEqualsAndValue" class="App\Poker\Hands\FourOfAKindTest" classname="App.Poker.Hands.FourOfAKindTest" file="/home/atb/dbwebb-kurser/mvc/me/report/tests/Poker/Hands/FourOfAKindTest.php" line="36" assertions="10" time="0.000718"/>
        <testcase name="testToString" class="App\Poker\Hands\FourOfAKindTest" classname="App.Poker.Hands.FourOfAKindTest" file="/home/atb/dbwebb-kurser/mvc/me/report/tests/Poker/Hands/FourOfAKindTest.php" line="94" assertions="1" time="0.000428"/>
      </testsuite>
      <testsuite name="App\Poker\Hands\FullHouseTest" file="/home/atb/dbwebb-kurser/mvc/me/report/tests/Poker/Hands/FullHouseTest.php" tests="4" assertions="14" errors="0" warnings="0" failures="0" skipped="0" time="0.001691">
        <testcase name="testConstruct" class="App\Poker\Hands\FullHouseTest" classname="App.Poker.Hands.FullHouseTest" file="/home/atb/dbwebb-kurser/mvc/me/report/tests/Poker/Hands/FullHouseTest.php" line="16" assertions="1" time="0.000260"/>
        <testcase name="testRank" class="App\Poker\Hands\FullHouseTest" classname="App.Poker.Hands.FullHouseTest" file="/home/atb/dbwebb-kurser/mvc/me/report/tests/Poker/Hands/FullHouseTest.php" line="25" assertions="2" time="0.000264"/>
        <testcase name="testEqualsAndValue" class="App\Poker\Hands\FullHouseTest" classname="App.Poker.Hands.FullHouseTest" file="/home/atb/dbwebb-kurser/mvc/me/report/tests/Poker/Hands/FullHouseTest.php" line="36" assertions="10" time="0.000728"/>
        <testcase name="testToString" class="App\Poker\Hands\FullHouseTest" classname="App.Poker.Hands.FullHouseTest" file="/home/atb/dbwebb-kurser/mvc/me/report/tests/Poker/Hands/FullHouseTest.php" line="94" assertions="1" time="0.000439"/>
      </testsuite>
      <testsuite name="App\Poker\Hands\HighCardTest" file="/home/atb/dbwebb-kurser/mvc/me/report/tests/Poker/Hands/HighCardTest.php" tests="4" assertions="10" errors="0" warnings="0" failures="0" skipped="0" time="0.001586">
        <testcase name="testConstruct" class="App\Poker\Hands\HighCardTest" classname="App.Poker.Hands.HighCardTest" file="/home/atb/dbwebb-kurser/mvc/me/report/tests/Poker/Hands/HighCardTest.php" line="16" assertions="1" time="0.000271"/>
        <testcase name="testRank" class="App\Poker\Hands\HighCardTest" classname="App.Poker.Hands.HighCardTest" file="/home/atb/dbwebb-kurser/mvc/me/report/tests/Poker/Hands/HighCardTest.php" line="25" assertions="2" time="0.000272"/>
        <testcase name="testEqualsAndValue" class="App\Poker\Hands\HighCardTest" classname="App.Poker.Hands.HighCardTest" file="/home/atb/dbwebb-kurser/mvc/me/report/tests/Poker/Hands/HighCardTest.php" line="36" assertions="6" time="0.000504"/>
        <testcase name="testToString" class="App\Poker\Hands\HighCardTest" classname="App.Poker.Hands.HighCardTest" file="/home/atb/dbwebb-kurser/mvc/me/report/tests/Poker/Hands/HighCardTest.php" line="72" assertions="1" time="0.000539"/>
      </testsuite>
      <testsuite name="App\Poker\Hands\OnePairTest" file="/home/atb/dbwebb-kurser/mvc/me/report/tests/Poker/Hands/OnePairTest.php" tests="4" assertions="12" errors="0" warnings="0" failures="0" skipped="0" time="0.001617">
        <testcase name="testConstruct" class="App\Poker\Hands\OnePairTest" classname="App.Poker.Hands.OnePairTest" file="/home/atb/dbwebb-kurser/mvc/me/report/tests/Poker/Hands/OnePairTest.php" line="16" assertions="1" time="0.000281"/>
        <testcase name="testRank" class="App\Poker\Hands\OnePairTest" classname="App.Poker.Hands.OnePairTest" file="/home/atb/dbwebb-kurser/mvc/me/report/tests/Poker/Hands/OnePairTest.php" line="25" assertions="2" time="0.000289"/>
        <testcase name="testEqualsAndValue" class="App\Poker\Hands\OnePairTest" classname="App.Poker.Hands.OnePairTest" file="/home/atb/dbwebb-kurser/mvc/me/report/tests/Poker/Hands/OnePairTest.php" line="36" assertions="8" time="0.000638"/>
        <testcase name="testToString" class="App\Poker\Hands\OnePairTest" classname="App.Poker.Hands.OnePairTest" file="/home/atb/dbwebb-kurser/mvc/me/report/tests/Poker/Hands/OnePairTest.php" line="83" assertions="1" time="0.000409"/>
      </testsuite>
      <testsuite name="App\Poker\Hands\StraightFlushTest" file="/home/atb/dbwebb-kurser/mvc/me/report/tests/Poker/Hands/StraightFlushTest.php" tests="4" assertions="16" errors="0" warnings="0" failures="0" skipped="0" time="0.001947">
        <testcase name="testConstruct" class="App\Poker\Hands\StraightFlushTest" classname="App.Poker.Hands.StraightFlushTest" file="/home/atb/dbwebb-kurser/mvc/me/report/tests/Poker/Hands/StraightFlushTest.php" line="16" assertions="1" time="0.000274"/>
        <testcase name="testRank" class="App\Poker\Hands\StraightFlushTest" classname="App.Poker.Hands.StraightFlushTest" file="/home/atb/dbwebb-kurser/mvc/me/report/tests/Poker/Hands/StraightFlushTest.php" line="25" assertions="2" time="0.000297"/>
        <testcase name="testEqualsAndValue" class="App\Poker\Hands\StraightFlushTest" classname="App.Poker.Hands.StraightFlushTest" file="/home/atb/dbwebb-kurser/mvc/me/report/tests/Poker/Hands/StraightFlushTest.php" line="36" assertions="12" time="0.000951"/>
        <testcase name="testToString" class="App\Poker\Hands\StraightFlushTest" classname="App.Poker.Hands.StraightFlushTest" file="/home/atb/dbwebb-kurser/mvc/me/report/tests/Poker/Hands/StraightFlushTest.php" line="105" assertions="1" time="0.000425"/>
      </testsuite>
      <testsuite name="App\Poker\Hands\StraightTest" file="/home/atb/dbwebb-kurser/mvc/me/report/tests/Poker/Hands/StraightTest.php" tests="4" assertions="18" errors="0" warnings="0" failures="0" skipped="0" time="0.001847">
        <testcase name="testConstruct" class="App\Poker\Hands\StraightTest" classname="App.Poker.Hands.StraightTest" file="/home/atb/dbwebb-kurser/mvc/me/report/tests/Poker/Hands/StraightTest.php" line="16" assertions="1" time="0.000268"/>
        <testcase name="testRank" class="App\Poker\Hands\StraightTest" classname="App.Poker.Hands.StraightTest" file="/home/atb/dbwebb-kurser/mvc/me/report/tests/Poker/Hands/StraightTest.php" line="25" assertions="2" time="0.000285"/>
        <testcase name="testEqualsAndValue" class="App\Poker\Hands\StraightTest" classname="App.Poker.Hands.StraightTest" file="/home/atb/dbwebb-kurser/mvc/me/report/tests/Poker/Hands/StraightTest.php" line="36" assertions="14" time="0.000907"/>
        <testcase name="testToString" class="App\Poker\Hands\StraightTest" classname="App.Poker.Hands.StraightTest" file="/home/atb/dbwebb-kurser/mvc/me/report/tests/Poker/Hands/StraightTest.php" line="116" assertions="1" time="0.000388"/>
      </testsuite>
      <testsuite name="App\Poker\Hands\ThreeOfAKindTest" file="/home/atb/dbwebb-kurser/mvc/me/report/tests/Poker/Hands/ThreeOfAKindTest.php" tests="4" assertions="14" errors="0" warnings="0" failures="0" skipped="0" time="0.001819">
        <testcase name="testConstruct" class="App\Poker\Hands\ThreeOfAKindTest" classname="App.Poker.Hands.ThreeOfAKindTest" file="/home/atb/dbwebb-kurser/mvc/me/report/tests/Poker/Hands/ThreeOfAKindTest.php" line="16" assertions="1" time="0.000293"/>
        <testcase name="testRank" class="App\Poker\Hands\ThreeOfAKindTest" classname="App.Poker.Hands.ThreeOfAKindTest" file="/home/atb/dbwebb-kurser/mvc/me/report/tests/Poker/Hands/ThreeOfAKindTest.php" line="25" assertions="2" time="0.000326"/>
        <testcase name="testEqualsAndValue" class="App\Poker\Hands\ThreeOfAKindTest" classname="App.Poker.Hands.ThreeOfAKindTest" file="/home/atb/dbwebb-kurser/mvc/me/report/tests/Poker/Hands/ThreeOfAKindTest.php" line="36" assertions="10" time="0.000805"/>
        <testcase name="testToString" class="App\Poker\Hands\ThreeOfAKindTest" classname="App.Poker.Hands.ThreeOfAKindTest" file="/home/atb/dbwebb-kurser/mvc/me/report/tests/Poker/Hands/ThreeOfAKindTest.php" line="94" assertions="1" time="0.000395"/>
      </testsuite>
      <testsuite name="App\Poker\Hands\TwoPairsTest" file="/home/atb/dbwebb-kurser/mvc/me/report/tests/Poker/Hands/TwoPairsTest.php" tests="4" assertions="16" errors="0" warnings="0" failures="0" skipped="0" time="0.001772">
        <testcase name="testConstruct" class="App\Poker\Hands\TwoPairsTest" classname="App.Poker.Hands.TwoPairsTest" file="/home/atb/dbwebb-kurser/mvc/me/report/tests/Poker/Hands/TwoPairsTest.php" line="16" assertions="1" time="0.000299"/>
        <testcase name="testRank" class="App\Poker\Hands\TwoPairsTest" classname="App.Poker.Hands.TwoPairsTest" file="/home/atb/dbwebb-kurser/mvc/me/report/tests/Poker/Hands/TwoPairsTest.php" line="25" assertions="2" time="0.000263"/>
        <testcase name="testEqualsAndValue" class="App\Poker\Hands\TwoPairsTest" classname="App.Poker.Hands.TwoPairsTest" file="/home/atb/dbwebb-kurser/mvc/me/report/tests/Poker/Hands/TwoPairsTest.php" line="36" assertions="12" time="0.000786"/>
        <testcase name="testToString" class="App\Poker\Hands\TwoPairsTest" classname="App.Poker.Hands.TwoPairsTest" file="/home/atb/dbwebb-kurser/mvc/me/report/tests/Poker/Hands/TwoPairsTest.php" line="105" assertions="1" time="0.000425"/>
      </testsuite>
      <testsuite name="App\Poker\PlayerBankTest" file="/home/atb/dbwebb-kurser/mvc/me/report/tests/Poker/PlayerBankTest.php" tests="4" assertions="7" errors="0" warnings="0" failures="0" skipped="0" time="0.001553">
        <testcase name="testConstruct" class="App\Poker\PlayerBankTest" classname="App.Poker.PlayerBankTest" file="/home/atb/dbwebb-kurser/mvc/me/report/tests/Poker/PlayerBankTest.php" line="14" assertions="2" time="0.000285"/>
        <testcase name="testPlace" class="App\Poker\PlayerBankTest" classname="App.Poker.PlayerBankTest" file="/home/atb/dbwebb-kurser/mvc/me/report/tests/Poker/PlayerBankTest.php" line="24" assertions="2" time="0.000440"/>
        <testcase name="testGain" class="App\Poker\PlayerBankTest" classname="App.Poker.PlayerBankTest" file="/home/atb/dbwebb-kurser/mvc/me/report/tests/Poker/PlayerBankTest.php" line="41" assertions="2" time="0.000428"/>
        <testcase name="testToString" class="App\Poker\PlayerBankTest" classname="App.Poker.PlayerBankTest" file="/home/atb/dbwebb-kurser/mvc/me/report/tests/Poker/PlayerBankTest.php" line="58" assertions="1" time="0.000401"/>
      </testsuite>
      <testsuite name="App\Poker\PlayerHandTest" file="/home/atb/dbwebb-kurser/mvc/me/report/tests/Poker/PlayerHandTest.php" tests="6" assertions="23" errors="0" warnings="0" failures="0" skipped="0" time="0.002238">
        <testcase name="testConstruct" class="App\Poker\PlayerHandTest" classname="App.Poker.PlayerHandTest" file="/home/atb/dbwebb-kurser/mvc/me/report/tests/Poker/PlayerHandTest.php" line="16" assertions="1" time="0.000271"/>
        <testcase name="testRemoveAndAddCard" class="App\Poker\PlayerHandTest" classname="App.Poker.PlayerHandTest" file="/home/atb/dbwebb-kurser/mvc/me/report/tests/Poker/PlayerHandTest.php" line="25" assertions="7" time="0.000652"/>
        <testcase name="testGetCard" class="App\Poker\PlayerHandTest" classname="App.Poker.PlayerHandTest" file="/home/atb/dbwebb-kurser/mvc/me/report/tests/Poker/PlayerHandTest.php" line="62" assertions="6" time="0.000359"/>
        <testcase name="testGetHand" class="App\Poker\PlayerHandTest" classname="App.Poker.PlayerHandTest" file="/home/atb/dbwebb-kurser/mvc/me/report/tests/Poker/PlayerHandTest.php" line="81" assertions="6" time="0.000360"/>
        <testcase name="testReset" class="App\Poker\PlayerHandTest" classname="App.Poker.PlayerHandTest" file="/home/atb/dbwebb-kurser/mvc/me/report/tests/Poker/PlayerHandTest.php" line="104" assertions="2" time="0.000290"/>
        <testcase name="testToString" class="App\Poker\PlayerHandTest" classname="App.Poker.PlayerHandTest" file="/home/atb/dbwebb-kurser/mvc/me/report/tests/Poker/PlayerHandTest.php" line="120" assertions="1" time="0.000307"/>
      </testsuite>
      <testsuite name="App\Poker\PlayerTest" file="/home/atb/dbwebb-kurser/mvc/me/report/tests/Poker/PlayerTest.php" tests="8" assertions="31" errors="0" warnings="0" failures="0" skipped="0" time="0.006974">
        <testcase name="testConstruct" class="App\Poker\PlayerTest" classname="App.Poker.PlayerTest" file="/home/atb/dbwebb-kurser/mvc/me/report/tests/Poker/PlayerTest.php" line="18" assertions="6" time="0.000326"/>
        <testcase name="testPlaceBet" class="App\Poker\PlayerTest" classname="App.Poker.PlayerTest" file="/home/atb/dbwebb-kurser/mvc/me/report/tests/Poker/PlayerTest.php" line="34" assertions="6" time="0.000320"/>
        <testcase name="testSetCurrentPokerHand" class="App\Poker\PlayerTest" classname="App.Poker.PlayerTest" file="/home/atb/dbwebb-kurser/mvc/me/report/tests/Poker/PlayerTest.php" line="62" assertions="8" time="0.003517"/>
        <testcase name="testReset" class="App\Poker\PlayerTest" classname="App.Poker.PlayerTest" file="/home/atb/dbwebb-kurser/mvc/me/report/tests/Poker/PlayerTest.php" line="163" assertions="6" time="0.000585"/>
        <testcase name="testGetRank" class="App\Poker\PlayerTest" classname="App.Poker.PlayerTest" file="/home/atb/dbwebb-kurser/mvc/me/report/tests/Poker/PlayerTest.php" line="189" assertions="1" time="0.000963"/>
        <testcase name="testGetValue" class="App\Poker\PlayerTest" classname="App.Poker.PlayerTest" file="/home/atb/dbwebb-kurser/mvc/me/report/tests/Poker/PlayerTest.php" line="206" assertions="1" time="0.000642"/>
        <testcase name="testIsEqual" class="App\Poker\PlayerTest" classname="App.Poker.PlayerTest" file="/home/atb/dbwebb-kurser/mvc/me/report/tests/Poker/PlayerTest.php" line="223" assertions="2" time="0.000317"/>
        <testcase name="testToString" class="App\Poker\PlayerTest" classname="App.Poker.PlayerTest" file="/home/atb/dbwebb-kurser/mvc/me/report/tests/Poker/PlayerTest.php" line="235" assertions="1" time="0.000303"/>
      </testsuite>
    </testsuite>
  </testsuite>
</testsuites>
